<?xml version="1.0" encoding="UTF-8"?>
<!-- Generated by org.testng.reporters.JUnitXMLReporter -->
<testsuite hostname="C100" name="Default test" tests="1" failures="1" timestamp="15 Jun 2015 14:07:52 GMT" time="1.413" errors="0">
  <testcase name="test" time="1.367" classname="org.dog.TestMain">
    <failure type="java.lang.StackOverflowError">
      <![CDATA[java.lang.StackOverflowError
	at java.util.Stack.peek(Unknown Source)
	at org.dog.DogHelper.eliminateChild(DogHelper.java:65)
	at org.dog.DogHelper.eliminateChild(DogHelper.java:79)
	at org.dog.PuppyDog.getFamilyTree(PuppyDog.java:181)
	at org.dog.PuppyDog.getFamilyTree(PuppyDog.java:192)
	at org.dog.PuppyDog.getFamilyTree(PuppyDog.java:192)
	at org.dog.PuppyDog.getFamilyTree(PuppyDog.java:165)
	at org.dog.PuppyDog.getFamilyTree(PuppyDog.java:192)
	at org.dog.PuppyDog.getFamilyTree(PuppyDog.java:192)
	at org.dog.PuppyDog.getFamilyTree(PuppyDog.java:165)
	at org.dog.PuppyDog.getFamilyTree(PuppyDog.java:192)
	at org.dog.PuppyDog.getFamilyTree(PuppyDog.java:192)
	at org.dog.PuppyDog.getFamilyTree(PuppyDog.java:165)
	at org.dog.PuppyDog.getFamilyTree(PuppyDog.java:192)
	at org.dog.PuppyDog.getFamilyTree(PuppyDog.java:192)
	at org.dog.PuppyDog.getFamilyTree(PuppyDog.java:165)
	at org.dog.PuppyDog.getFamilyTree(PuppyDog.java:192)
	at org.dog.PuppyDog.getFamilyTree(PuppyDog.java:192)
	at org.dog.PuppyDog.getFamilyTree(PuppyDog.java:165)
	at org.dog.PuppyDog.getFamilyTree(PuppyDog.java:192)
	at org.dog.PuppyDog.getFamilyTree(PuppyDog.java:192)
	at org.dog.PuppyDog.getFamilyTree(PuppyDog.java:165)
	at org.dog.PuppyDog.getFamilyTree(PuppyDog.java:192)
	at org.dog.PuppyDog.getFamilyTree(PuppyDog.java:192)
	at org.dog.PuppyDog.getFamilyTree(PuppyDog.java:165)
	at org.dog.PuppyDog.getFamilyTree(PuppyDog.java:192)
	at org.dog.PuppyDog.getFamilyTree(PuppyDog.java:192)
	at org.dog.PuppyDog.getFamilyTree(PuppyDog.java:165)
	at org.dog.PuppyDog.getFamilyTree(PuppyDog.java:192)
	at org.dog.PuppyDog.getFamilyTree(PuppyDog.java:192)
	at org.dog.PuppyDog.getFamilyTree(PuppyDog.java:165)
	at org.dog.PuppyDog.getFamilyTree(PuppyDog.java:192)
	at org.dog.PuppyDog.getFamilyTree(PuppyDog.java:192)
	at org.dog.PuppyDog.getFamilyTree(PuppyDog.java:165)
	at org.dog.PuppyDog.getFamilyTree(PuppyDog.java:192)
	at org.dog.PuppyDog.getFamilyTree(PuppyDog.java:192)
	at org.dog.PuppyDog.getFamilyTree(PuppyDog.java:165)
	at org.dog.PuppyDog.getFamilyTree(PuppyDog.java:192)
	at org.dog.PuppyDog.getFamilyTree(PuppyDog.java:192)
	at org.dog.PuppyDog.getFamilyTree(PuppyDog.java:165)
	at org.dog.PuppyDog.getFamilyTree(PuppyDog.java:192)
	at org.dog.PuppyDog.getFamilyTree(PuppyDog.java:192)
	at org.dog.PuppyDog.getFamilyTree(PuppyDog.java:165)
	at org.dog.PuppyDog.getFamilyTree(PuppyDog.java:192)
	at org.dog.PuppyDog.getFamilyTree(PuppyDog.java:192)
	at org.dog.PuppyDog.getFamilyTree(PuppyDog.java:165)
	at org.dog.PuppyDog.getFamilyTree(PuppyDog.java:192)
	at org.dog.PuppyDog.getFamilyTree(PuppyDog.java:192)
	at org.dog.PuppyDog.getFamilyTree(PuppyDog.java:165)
	at org.dog.PuppyDog.getFamilyTree(PuppyDog.java:192)
	at org.dog.PuppyDog.getFamilyTree(PuppyDog.java:192)
	at org.dog.PuppyDog.getFamilyTree(PuppyDog.java:165)
	at org.dog.PuppyDog.getFamilyTree(PuppyDog.java:192)
	at org.dog.PuppyDog.getFamilyTree(PuppyDog.java:192)
	at org.dog.PuppyDog.getFamilyTree(PuppyDog.java:165)
	at org.dog.PuppyDog.getFamilyTree(PuppyDog.java:192)
	at org.dog.PuppyDog.getFamilyTree(PuppyDog.java:192)
	at org.dog.PuppyDog.getFamilyTree(PuppyDog.java:165)
	at org.dog.PuppyDog.getFamilyTree(PuppyDog.java:192)
	at org.dog.PuppyDog.getFamilyTree(PuppyDog.java:192)
	at org.dog.PuppyDog.getFamilyTree(PuppyDog.java:165)
	at org.dog.PuppyDog.getFamilyTree(PuppyDog.java:192)
	at org.dog.PuppyDog.getFamilyTree(PuppyDog.java:192)
	at org.dog.PuppyDog.getFamilyTree(PuppyDog.java:165)
	at org.dog.PuppyDog.getFamilyTree(PuppyDog.java:192)
	at org.dog.PuppyDog.getFamilyTree(PuppyDog.java:192)
	at org.dog.PuppyDog.getFamilyTree(PuppyDog.java:165)
	at org.dog.PuppyDog.getFamilyTree(PuppyDog.java:192)
	at org.dog.PuppyDog.getFamilyTree(PuppyDog.java:192)
	at org.dog.PuppyDog.getFamilyTree(PuppyDog.java:165)
	at org.dog.PuppyDog.getFamilyTree(PuppyDog.java:192)
	at org.dog.PuppyDog.getFamilyTree(PuppyDog.java:192)
	at org.dog.PuppyDog.getFamilyTree(PuppyDog.java:165)
	at org.dog.PuppyDog.getFamilyTree(PuppyDog.java:192)
	at org.dog.PuppyDog.getFamilyTree(PuppyDog.java:192)
	at org.dog.PuppyDog.getFamilyTree(PuppyDog.java:165)
	at org.dog.PuppyDog.getFamilyTree(PuppyDog.java:192)
	at org.dog.PuppyDog.getFamilyTree(PuppyDog.java:192)
	at org.dog.PuppyDog.getFamilyTree(PuppyDog.java:165)
	at org.dog.PuppyDog.getFamilyTree(PuppyDog.java:192)
	at org.dog.PuppyDog.getFamilyTree(PuppyDog.java:192)
	at org.dog.PuppyDog.getFamilyTree(PuppyDog.java:165)
	at org.dog.PuppyDog.getFamilyTree(PuppyDog.java:192)
	at org.dog.PuppyDog.getFamilyTree(PuppyDog.java:192)
	at org.dog.PuppyDog.getFamilyTree(PuppyDog.java:165)
	at org.dog.PuppyDog.getFamilyTree(PuppyDog.java:192)
	at org.dog.PuppyDog.getFamilyTree(PuppyDog.java:192)
	at org.dog.PuppyDog.getFamilyTree(PuppyDog.java:165)
	at org.dog.PuppyDog.getFamilyTree(PuppyDog.java:192)
	at org.dog.PuppyDog.getFamilyTree(PuppyDog.java:192)
	at org.dog.PuppyDog.getFamilyTree(PuppyDog.java:165)
	at org.dog.PuppyDog.getFamilyTree(PuppyDog.java:192)
	at org.dog.PuppyDog.getFamilyTree(PuppyDog.java:192)
	at org.dog.PuppyDog.getFamilyTree(PuppyDog.java:165)
	at org.dog.PuppyDog.getFamilyTree(PuppyDog.java:192)
	at org.dog.PuppyDog.getFamilyTree(PuppyDog.java:192)
	at org.dog.PuppyDog.getFamilyTree(PuppyDog.java:165)
	at org.dog.PuppyDog.getFamilyTree(PuppyDog.java:192)
	at org.dog.PuppyDog.getFamilyTree(PuppyDog.java:192)
	at org.dog.PuppyDog.getFamilyTree(PuppyDog.java:165)
	at org.dog.PuppyDog.getFamilyTree(PuppyDog.java:192)
	at org.dog.PuppyDog.getFamilyTree(PuppyDog.java:192)
	at org.dog.PuppyDog.getFamilyTree(PuppyDog.java:165)
	at org.dog.PuppyDog.getFamilyTree(PuppyDog.java:192)
	at org.dog.PuppyDog.getFamilyTree(PuppyDog.java:192)
	at org.dog.PuppyDog.getFamilyTree(PuppyDog.java:165)
	at org.dog.PuppyDog.getFamilyTree(PuppyDog.java:192)
	at org.dog.PuppyDog.getFamilyTree(PuppyDog.java:192)
	at org.dog.PuppyDog.getFamilyTree(PuppyDog.java:165)
	at org.dog.PuppyDog.getFamilyTree(PuppyDog.java:192)
	at org.dog.PuppyDog.getFamilyTree(PuppyDog.java:192)
	at org.dog.PuppyDog.getFamilyTree(PuppyDog.java:165)
	at org.dog.PuppyDog.getFamilyTree(PuppyDog.java:192)
	at org.dog.PuppyDog.getFamilyTree(PuppyDog.java:192)
	at org.dog.PuppyDog.getFamilyTree(PuppyDog.java:165)
	at org.dog.PuppyDog.getFamilyTree(PuppyDog.java:192)
	at org.dog.PuppyDog.getFamilyTree(PuppyDog.java:192)
	at org.dog.PuppyDog.getFamilyTree(PuppyDog.java:165)
	at org.dog.PuppyDog.getFamilyTree(PuppyDog.java:192)
	at org.dog.PuppyDog.getFamilyTree(PuppyDog.java:192)
	at org.dog.PuppyDog.getFamilyTree(PuppyDog.java:165)
	at org.dog.PuppyDog.getFamilyTree(PuppyDog.java:192)
	at org.dog.PuppyDog.getFamilyTree(PuppyDog.java:192)
	at org.dog.PuppyDog.getFamilyTree(PuppyDog.java:165)
	at org.dog.PuppyDog.getFamilyTree(PuppyDog.java:192)
	at org.dog.PuppyDog.getFamilyTree(PuppyDog.java:192)
	at org.dog.PuppyDog.getFamilyTree(PuppyDog.java:165)
	at org.dog.PuppyDog.getFamilyTree(PuppyDog.java:192)
	at org.dog.PuppyDog.getFamilyTree(PuppyDog.java:192)
	at org.dog.PuppyDog.getFamilyTree(PuppyDog.java:165)
	at org.dog.PuppyDog.getFamilyTree(PuppyDog.java:192)
	at org.dog.PuppyDog.getFamilyTree(PuppyDog.java:192)
	at org.dog.PuppyDog.getFamilyTree(PuppyDog.java:165)
	at org.dog.PuppyDog.getFamilyTree(PuppyDog.java:192)
	at org.dog.PuppyDog.getFamilyTree(PuppyDog.java:192)
	at org.dog.PuppyDog.getFamilyTree(PuppyDog.java:165)
	at org.dog.PuppyDog.getFamilyTree(PuppyDog.java:192)
	at org.dog.PuppyDog.getFamilyTree(PuppyDog.java:192)
	at org.dog.PuppyDog.getFamilyTree(PuppyDog.java:165)
	at org.dog.PuppyDog.getFamilyTree(PuppyDog.java:192)
	at org.dog.PuppyDog.getFamilyTree(PuppyDog.java:192)
	at org.dog.PuppyDog.getFamilyTree(PuppyDog.java:165)
	at org.dog.PuppyDog.getFamilyTree(PuppyDog.java:192)
	at org.dog.PuppyDog.getFamilyTree(PuppyDog.java:192)
	at org.dog.PuppyDog.getFamilyTree(PuppyDog.java:165)
	at org.dog.PuppyDog.getFamilyTree(PuppyDog.java:192)
	at org.dog.PuppyDog.getFamilyTree(PuppyDog.java:192)
	at org.dog.PuppyDog.getFamilyTree(PuppyDog.java:165)
	at org.dog.PuppyDog.getFamilyTree(PuppyDog.java:192)
	at org.dog.PuppyDog.getFamilyTree(PuppyDog.java:192)
	at org.dog.PuppyDog.getFamilyTree(PuppyDog.java:165)
	at org.dog.PuppyDog.getFamilyTree(PuppyDog.java:192)
	at org.dog.PuppyDog.getFamilyTree(PuppyDog.java:192)
	at org.dog.PuppyDog.getFamilyTree(PuppyDog.java:165)
	at org.dog.PuppyDog.getFamilyTree(PuppyDog.java:192)
	at org.dog.PuppyDog.getFamilyTree(PuppyDog.java:192)
	at org.dog.PuppyDog.getFamilyTree(PuppyDog.java:165)
	at org.dog.PuppyDog.getFamilyTree(PuppyDog.java:192)
	at org.dog.PuppyDog.getFamilyTree(PuppyDog.java:192)
	at org.dog.PuppyDog.getFamilyTree(PuppyDog.java:165)
	at org.dog.PuppyDog.getFamilyTree(PuppyDog.java:192)
	at org.dog.PuppyDog.getFamilyTree(PuppyDog.java:192)
	at org.dog.PuppyDog.getFamilyTree(PuppyDog.java:165)
	at org.dog.PuppyDog.getFamilyTree(PuppyDog.java:192)
	at org.dog.PuppyDog.getFamilyTree(PuppyDog.java:192)
	at org.dog.PuppyDog.getFamilyTree(PuppyDog.java:165)
	at org.dog.PuppyDog.getFamilyTree(PuppyDog.java:192)
	at org.dog.PuppyDog.getFamilyTree(PuppyDog.java:192)
	at org.dog.PuppyDog.getFamilyTree(PuppyDog.java:165)
	at org.dog.PuppyDog.getFamilyTree(PuppyDog.java:192)
	at org.dog.PuppyDog.getFamilyTree(PuppyDog.java:192)
	at org.dog.PuppyDog.getFamilyTree(PuppyDog.java:165)
	at org.dog.PuppyDog.getFamilyTree(PuppyDog.java:192)
	at org.dog.PuppyDog.getFamilyTree(PuppyDog.java:192)
	at org.dog.PuppyDog.getFamilyTree(PuppyDog.java:165)
	at org.dog.PuppyDog.getFamilyTree(PuppyDog.java:192)
	at org.dog.PuppyDog.getFamilyTree(PuppyDog.java:192)
	at org.dog.PuppyDog.getFamilyTree(PuppyDog.java:165)
	at org.dog.PuppyDog.getFamilyTree(PuppyDog.java:192)
	at org.dog.PuppyDog.getFamilyTree(PuppyDog.java:192)
	at org.dog.PuppyDog.getFamilyTree(PuppyDog.java:165)
	at org.dog.PuppyDog.getFamilyTree(PuppyDog.java:192)
	at org.dog.PuppyDog.getFamilyTree(PuppyDog.java:192)
	at org.dog.PuppyDog.getFamilyTree(PuppyDog.java:165)
	at org.dog.PuppyDog.getFamilyTree(PuppyDog.java:192)
	at org.dog.PuppyDog.getFamilyTree(PuppyDog.java:192)
	at org.dog.PuppyDog.getFamilyTree(PuppyDog.java:165)
	at org.dog.PuppyDog.getFamilyTree(PuppyDog.java:192)
	at org.dog.PuppyDog.getFamilyTree(PuppyDog.java:192)
	at org.dog.PuppyDog.getFamilyTree(PuppyDog.java:165)
	at org.dog.PuppyDog.getFamilyTree(PuppyDog.java:192)
	at org.dog.PuppyDog.getFamilyTree(PuppyDog.java:192)
	at org.dog.PuppyDog.getFamilyTree(PuppyDog.java:165)
	at org.dog.PuppyDog.getFamilyTree(PuppyDog.java:192)
	at org.dog.PuppyDog.getFamilyTree(PuppyDog.java:192)
	at org.dog.PuppyDog.getFamilyTree(PuppyDog.java:165)
	at org.dog.PuppyDog.getFamilyTree(PuppyDog.java:192)
	at org.dog.PuppyDog.getFamilyTree(PuppyDog.java:192)
	at org.dog.PuppyDog.getFamilyTree(PuppyDog.java:165)
	at org.dog.PuppyDog.getFamilyTree(PuppyDog.java:192)
	at org.dog.PuppyDog.getFamilyTree(PuppyDog.java:192)
	at org.dog.PuppyDog.getFamilyTree(PuppyDog.java:165)
	at org.dog.PuppyDog.getFamilyTree(PuppyDog.java:192)
	at org.dog.PuppyDog.getFamilyTree(PuppyDog.java:192)
	at org.dog.PuppyDog.getFamilyTree(PuppyDog.java:165)
	at org.dog.PuppyDog.getFamilyTree(PuppyDog.java:192)
	at org.dog.PuppyDog.getFamilyTree(PuppyDog.java:192)
	at org.dog.PuppyDog.getFamilyTree(PuppyDog.java:165)
	at org.dog.PuppyDog.getFamilyTree(PuppyDog.java:192)
	at org.dog.PuppyDog.getFamilyTree(PuppyDog.java:192)
	at org.dog.PuppyDog.getFamilyTree(PuppyDog.java:165)
	at org.dog.PuppyDog.getFamilyTree(PuppyDog.java:192)
	at org.dog.PuppyDog.getFamilyTree(PuppyDog.java:192)
	at org.dog.PuppyDog.getFamilyTree(PuppyDog.java:165)
	at org.dog.PuppyDog.getFamilyTree(PuppyDog.java:192)
	at org.dog.PuppyDog.getFamilyTree(PuppyDog.java:192)
	at org.dog.PuppyDog.getFamilyTree(PuppyDog.java:165)
	at org.dog.PuppyDog.getFamilyTree(PuppyDog.java:192)
	at org.dog.PuppyDog.getFamilyTree(PuppyDog.java:192)
	at org.dog.PuppyDog.getFamilyTree(PuppyDog.java:165)
	at org.dog.PuppyDog.getFamilyTree(PuppyDog.java:192)
	at org.dog.PuppyDog.getFamilyTree(PuppyDog.java:192)
	at org.dog.PuppyDog.getFamilyTree(PuppyDog.java:165)
	at org.dog.PuppyDog.getFamilyTree(PuppyDog.java:192)
	at org.dog.PuppyDog.getFamilyTree(PuppyDog.java:192)
	at org.dog.PuppyDog.getFamilyTree(PuppyDog.java:165)
	at org.dog.PuppyDog.getFamilyTree(PuppyDog.java:192)
	at org.dog.PuppyDog.getFamilyTree(PuppyDog.java:192)
	at org.dog.PuppyDog.getFamilyTree(PuppyDog.java:165)
	at org.dog.PuppyDog.getFamilyTree(PuppyDog.java:192)
	at org.dog.PuppyDog.getFamilyTree(PuppyDog.java:192)
	at org.dog.PuppyDog.getFamilyTree(PuppyDog.java:165)
	at org.dog.PuppyDog.getFamilyTree(PuppyDog.java:192)
	at org.dog.PuppyDog.getFamilyTree(PuppyDog.java:192)
	at org.dog.PuppyDog.getFamilyTree(PuppyDog.java:165)
	at org.dog.PuppyDog.getFamilyTree(PuppyDog.java:192)
	at org.dog.PuppyDog.getFamilyTree(PuppyDog.java:192)
	at org.dog.PuppyDog.getFamilyTree(PuppyDog.java:165)
	at org.dog.PuppyDog.getFamilyTree(PuppyDog.java:192)
	at org.dog.PuppyDog.getFamilyTree(PuppyDog.java:192)
	at org.dog.PuppyDog.getFamilyTree(PuppyDog.java:165)
	at org.dog.PuppyDog.getFamilyTree(PuppyDog.java:192)
	at org.dog.PuppyDog.getFamilyTree(PuppyDog.java:192)
	at org.dog.PuppyDog.getFamilyTree(PuppyDog.java:165)
	at org.dog.PuppyDog.getFamilyTree(PuppyDog.java:192)
	at org.dog.PuppyDog.getFamilyTree(PuppyDog.java:192)
	at org.dog.PuppyDog.getFamilyTree(PuppyDog.java:165)
	at org.dog.PuppyDog.getFamilyTree(PuppyDog.java:192)
	at org.dog.PuppyDog.getFamilyTree(PuppyDog.java:192)
	at org.dog.PuppyDog.getFamilyTree(PuppyDog.java:165)
	at org.dog.PuppyDog.getFamilyTree(PuppyDog.java:192)
	at org.dog.PuppyDog.getFamilyTree(PuppyDog.java:192)
	at org.dog.PuppyDog.getFamilyTree(PuppyDog.java:165)
	at org.dog.PuppyDog.getFamilyTree(PuppyDog.java:192)
	at org.dog.PuppyDog.getFamilyTree(PuppyDog.java:192)
	at org.dog.PuppyDog.getFamilyTree(PuppyDog.java:165)
	at org.dog.PuppyDog.getFamilyTree(PuppyDog.java:192)
	at org.dog.PuppyDog.getFamilyTree(PuppyDog.java:192)
	at org.dog.PuppyDog.getFamilyTree(PuppyDog.java:165)
	at org.dog.PuppyDog.getFamilyTree(PuppyDog.java:192)
	at org.dog.PuppyDog.getFamilyTree(PuppyDog.java:192)
	at org.dog.PuppyDog.getFamilyTree(PuppyDog.java:165)
	at org.dog.PuppyDog.getFamilyTree(PuppyDog.java:192)
	at org.dog.PuppyDog.getFamilyTree(PuppyDog.java:192)
	at org.dog.PuppyDog.getFamilyTree(PuppyDog.java:165)
	at org.dog.PuppyDog.getFamilyTree(PuppyDog.java:192)
	at org.dog.PuppyDog.getFamilyTree(PuppyDog.java:192)
	at org.dog.PuppyDog.getFamilyTree(PuppyDog.java:165)
	at org.dog.PuppyDog.getFamilyTree(PuppyDog.java:192)
	at org.dog.PuppyDog.getFamilyTree(PuppyDog.java:192)
	at org.dog.PuppyDog.getFamilyTree(PuppyDog.java:165)
	at org.dog.PuppyDog.getFamilyTree(PuppyDog.java:192)
	at org.dog.PuppyDog.getFamilyTree(PuppyDog.java:192)
	at org.dog.PuppyDog.getFamilyTree(PuppyDog.java:165)
	at org.dog.PuppyDog.getFamilyTree(PuppyDog.java:192)
	at org.dog.PuppyDog.getFamilyTree(PuppyDog.java:192)
	at org.dog.PuppyDog.getFamilyTree(PuppyDog.java:165)
	at org.dog.PuppyDog.getFamilyTree(PuppyDog.java:192)
	at org.dog.PuppyDog.getFamilyTree(PuppyDog.java:192)
	at org.dog.PuppyDog.getFamilyTree(PuppyDog.java:165)
	at org.dog.PuppyDog.getFamilyTree(PuppyDog.java:192)
	at org.dog.PuppyDog.getFamilyTree(PuppyDog.java:192)
	at org.dog.PuppyDog.getFamilyTree(PuppyDog.java:165)
	at org.dog.PuppyDog.getFamilyTree(PuppyDog.java:192)
	at org.dog.PuppyDog.getFamilyTree(PuppyDog.java:192)
	at org.dog.PuppyDog.getFamilyTree(PuppyDog.java:165)
	at org.dog.PuppyDog.getFamilyTree(PuppyDog.java:192)
	at org.dog.PuppyDog.getFamilyTree(PuppyDog.java:192)
	at org.dog.PuppyDog.getFamilyTree(PuppyDog.java:165)
	at org.dog.PuppyDog.getFamilyTree(PuppyDog.java:192)
	at org.dog.PuppyDog.getFamilyTree(PuppyDog.java:192)
	at org.dog.PuppyDog.getFamilyTree(PuppyDog.java:165)
	at org.dog.PuppyDog.getFamilyTree(PuppyDog.java:192)
	at org.dog.PuppyDog.getFamilyTree(PuppyDog.java:192)
	at org.dog.PuppyDog.getFamilyTree(PuppyDog.java:165)
	at org.dog.PuppyDog.getFamilyTree(PuppyDog.java:192)
	at org.dog.PuppyDog.getFamilyTree(PuppyDog.java:192)
	at org.dog.PuppyDog.getFamilyTree(PuppyDog.java:165)
	at org.dog.PuppyDog.getFamilyTree(PuppyDog.java:192)
	at org.dog.PuppyDog.getFamilyTree(PuppyDog.java:192)
	at org.dog.PuppyDog.getFamilyTree(PuppyDog.java:165)
	at org.dog.PuppyDog.getFamilyTree(PuppyDog.java:192)
	at org.dog.PuppyDog.getFamilyTree(PuppyDog.java:192)
	at org.dog.PuppyDog.getFamilyTree(PuppyDog.java:165)
	at org.dog.PuppyDog.getFamilyTree(PuppyDog.java:192)
	at org.dog.PuppyDog.getFamilyTree(PuppyDog.java:192)
	at org.dog.PuppyDog.getFamilyTree(PuppyDog.java:165)
	at org.dog.PuppyDog.getFamilyTree(PuppyDog.java:192)
	at org.dog.PuppyDog.getFamilyTree(PuppyDog.java:192)
	at org.dog.PuppyDog.getFamilyTree(PuppyDog.java:165)
	at org.dog.PuppyDog.getFamilyTree(PuppyDog.java:192)
	at org.dog.PuppyDog.getFamilyTree(PuppyDog.java:192)
	at org.dog.PuppyDog.getFamilyTree(PuppyDog.java:165)
	at org.dog.PuppyDog.getFamilyTree(PuppyDog.java:192)
	at org.dog.PuppyDog.getFamilyTree(PuppyDog.java:192)
	at org.dog.PuppyDog.getFamilyTree(PuppyDog.java:165)
	at org.dog.PuppyDog.getFamilyTree(PuppyDog.java:192)
	at org.dog.PuppyDog.getFamilyTree(PuppyDog.java:192)
	at org.dog.PuppyDog.getFamilyTree(PuppyDog.java:165)
	at org.dog.PuppyDog.getFamilyTree(PuppyDog.java:192)
	at org.dog.PuppyDog.getFamilyTree(PuppyDog.java:192)
	at org.dog.PuppyDog.getFamilyTree(PuppyDog.java:165)
	at org.dog.PuppyDog.getFamilyTree(PuppyDog.java:192)
	at org.dog.PuppyDog.getFamilyTree(PuppyDog.java:192)
	at org.dog.PuppyDog.getFamilyTree(PuppyDog.java:165)
	at org.dog.PuppyDog.getFamilyTree(PuppyDog.java:192)
	at org.dog.PuppyDog.getFamilyTree(PuppyDog.java:192)
	at org.dog.PuppyDog.getFamilyTree(PuppyDog.java:165)
	at org.dog.PuppyDog.getFamilyTree(PuppyDog.java:192)
	at org.dog.PuppyDog.getFamilyTree(PuppyDog.java:192)
	at org.dog.PuppyDog.getFamilyTree(PuppyDog.java:165)
	at org.dog.PuppyDog.getFamilyTree(PuppyDog.java:192)
	at org.dog.PuppyDog.getFamilyTree(PuppyDog.java:192)
	at org.dog.PuppyDog.getFamilyTree(PuppyDog.java:165)
	at org.dog.PuppyDog.getFamilyTree(PuppyDog.java:192)
	at org.dog.PuppyDog.getFamilyTree(PuppyDog.java:192)
	at org.dog.PuppyDog.getFamilyTree(PuppyDog.java:165)
	at org.dog.PuppyDog.getFamilyTree(PuppyDog.java:192)
	at org.dog.PuppyDog.getFamilyTree(PuppyDog.java:192)
	at org.dog.PuppyDog.getFamilyTree(PuppyDog.java:165)
	at org.dog.PuppyDog.getFamilyTree(PuppyDog.java:192)
	at org.dog.PuppyDog.getFamilyTree(PuppyDog.java:192)
	at org.dog.PuppyDog.getFamilyTree(PuppyDog.java:165)
	at org.dog.PuppyDog.getFamilyTree(PuppyDog.java:192)
	at org.dog.PuppyDog.getFamilyTree(PuppyDog.java:192)
	at org.dog.PuppyDog.getFamilyTree(PuppyDog.java:165)
	at org.dog.PuppyDog.getFamilyTree(PuppyDog.java:192)
	at org.dog.PuppyDog.getFamilyTree(PuppyDog.java:192)
	at org.dog.PuppyDog.getFamilyTree(PuppyDog.java:165)
	at org.dog.PuppyDog.getFamilyTree(PuppyDog.java:192)
	at org.dog.PuppyDog.getFamilyTree(PuppyDog.java:192)
	at org.dog.PuppyDog.getFamilyTree(PuppyDog.java:165)
	at org.dog.PuppyDog.getFamilyTree(PuppyDog.java:192)
	at org.dog.PuppyDog.getFamilyTree(PuppyDog.java:192)
	at org.dog.PuppyDog.getFamilyTree(PuppyDog.java:165)
	at org.dog.PuppyDog.getFamilyTree(PuppyDog.java:192)
	at org.dog.PuppyDog.getFamilyTree(PuppyDog.java:192)
	at org.dog.PuppyDog.getFamilyTree(PuppyDog.java:165)
	at org.dog.PuppyDog.getFamilyTree(PuppyDog.java:192)
	at org.dog.PuppyDog.getFamilyTree(PuppyDog.java:192)
	at org.dog.PuppyDog.getFamilyTree(PuppyDog.java:165)
	at org.dog.PuppyDog.getFamilyTree(PuppyDog.java:192)
	at org.dog.PuppyDog.getFamilyTree(PuppyDog.java:192)
	at org.dog.PuppyDog.getFamilyTree(PuppyDog.java:165)
	at org.dog.PuppyDog.getFamilyTree(PuppyDog.java:192)
	at org.dog.PuppyDog.getFamilyTree(PuppyDog.java:192)
	at org.dog.PuppyDog.getFamilyTree(PuppyDog.java:165)
	at org.dog.PuppyDog.getFamilyTree(PuppyDog.java:192)
	at org.dog.PuppyDog.getFamilyTree(PuppyDog.java:192)
	at org.dog.PuppyDog.getFamilyTree(PuppyDog.java:165)
	at org.dog.PuppyDog.getFamilyTree(PuppyDog.java:192)
	at org.dog.PuppyDog.getFamilyTree(PuppyDog.java:192)
	at org.dog.PuppyDog.getFamilyTree(PuppyDog.java:165)
	at org.dog.PuppyDog.getFamilyTree(PuppyDog.java:192)
	at org.dog.PuppyDog.getFamilyTree(PuppyDog.java:192)
	at org.dog.PuppyDog.getFamilyTree(PuppyDog.java:165)
	at org.dog.PuppyDog.getFamilyTree(PuppyDog.java:192)
	at org.dog.PuppyDog.getFamilyTree(PuppyDog.java:192)
	at org.dog.PuppyDog.getFamilyTree(PuppyDog.java:165)
	at org.dog.PuppyDog.getFamilyTree(PuppyDog.java:192)
	at org.dog.PuppyDog.getFamilyTree(PuppyDog.java:192)
	at org.dog.PuppyDog.getFamilyTree(PuppyDog.java:165)
	at org.dog.PuppyDog.getFamilyTree(PuppyDog.java:192)
	at org.dog.PuppyDog.getFamilyTree(PuppyDog.java:192)
	at org.dog.PuppyDog.getFamilyTree(PuppyDog.java:165)
	at org.dog.PuppyDog.getFamilyTree(PuppyDog.java:192)
	at org.dog.PuppyDog.getFamilyTree(PuppyDog.java:192)
	at org.dog.PuppyDog.getFamilyTree(PuppyDog.java:165)
	at org.dog.PuppyDog.getFamilyTree(PuppyDog.java:192)
	at org.dog.PuppyDog.getFamilyTree(PuppyDog.java:192)
	at org.dog.PuppyDog.getFamilyTree(PuppyDog.java:165)
	at org.dog.PuppyDog.getFamilyTree(PuppyDog.java:192)
	at org.dog.PuppyDog.getFamilyTree(PuppyDog.java:192)
	at org.dog.PuppyDog.getFamilyTree(PuppyDog.java:165)
	at org.dog.PuppyDog.getFamilyTree(PuppyDog.java:192)
	at org.dog.PuppyDog.getFamilyTree(PuppyDog.java:192)
	at org.dog.PuppyDog.getFamilyTree(PuppyDog.java:165)
	at org.dog.PuppyDog.getFamilyTree(PuppyDog.java:192)
	at org.dog.PuppyDog.getFamilyTree(PuppyDog.java:192)
	at org.dog.PuppyDog.getFamilyTree(PuppyDog.java:165)
	at org.dog.PuppyDog.getFamilyTree(PuppyDog.java:192)
	at org.dog.PuppyDog.getFamilyTree(PuppyDog.java:192)
	at org.dog.PuppyDog.getFamilyTree(PuppyDog.java:165)
	at org.dog.PuppyDog.getFamilyTree(PuppyDog.java:192)
	at org.dog.PuppyDog.getFamilyTree(PuppyDog.java:192)
	at org.dog.PuppyDog.getFamilyTree(PuppyDog.java:165)
	at org.dog.PuppyDog.getFamilyTree(PuppyDog.java:192)
	at org.dog.PuppyDog.getFamilyTree(PuppyDog.java:192)
	at org.dog.PuppyDog.getFamilyTree(PuppyDog.java:165)
	at org.dog.PuppyDog.getFamilyTree(PuppyDog.java:192)
	at org.dog.PuppyDog.getFamilyTree(PuppyDog.java:192)
	at org.dog.PuppyDog.getFamilyTree(PuppyDog.java:165)
	at org.dog.PuppyDog.getFamilyTree(PuppyDog.java:192)
	at org.dog.PuppyDog.getFamilyTree(PuppyDog.java:192)
	at org.dog.PuppyDog.getFamilyTree(PuppyDog.java:165)
	at org.dog.PuppyDog.getFamilyTree(PuppyDog.java:192)
	at org.dog.PuppyDog.getFamilyTree(PuppyDog.java:192)
	at org.dog.PuppyDog.getFamilyTree(PuppyDog.java:165)
	at org.dog.PuppyDog.getFamilyTree(PuppyDog.java:192)
	at org.dog.PuppyDog.getFamilyTree(PuppyDog.java:192)
	at org.dog.PuppyDog.getFamilyTree(PuppyDog.java:165)
	at org.dog.PuppyDog.getFamilyTree(PuppyDog.java:192)
	at org.dog.PuppyDog.getFamilyTree(PuppyDog.java:192)
	at org.dog.PuppyDog.getFamilyTree(PuppyDog.java:165)
	at org.dog.PuppyDog.getFamilyTree(PuppyDog.java:192)
	at org.dog.PuppyDog.getFamilyTree(PuppyDog.java:192)
	at org.dog.PuppyDog.getFamilyTree(PuppyDog.java:165)
	at org.dog.PuppyDog.getFamilyTree(PuppyDog.java:192)
	at org.dog.PuppyDog.getFamilyTree(PuppyDog.java:192)
	at org.dog.PuppyDog.getFamilyTree(PuppyDog.java:165)
	at org.dog.PuppyDog.getFamilyTree(PuppyDog.java:192)
	at org.dog.PuppyDog.getFamilyTree(PuppyDog.java:192)
	at org.dog.PuppyDog.getFamilyTree(PuppyDog.java:165)
	at org.dog.PuppyDog.getFamilyTree(PuppyDog.java:192)
	at org.dog.PuppyDog.getFamilyTree(PuppyDog.java:192)
	at org.dog.PuppyDog.getFamilyTree(PuppyDog.java:165)
	at org.dog.PuppyDog.getFamilyTree(PuppyDog.java:192)
	at org.dog.PuppyDog.getFamilyTree(PuppyDog.java:192)
	at org.dog.PuppyDog.getFamilyTree(PuppyDog.java:165)
	at org.dog.PuppyDog.getFamilyTree(PuppyDog.java:192)
	at org.dog.PuppyDog.getFamilyTree(PuppyDog.java:192)
	at org.dog.PuppyDog.getFamilyTree(PuppyDog.java:165)
	at org.dog.PuppyDog.getFamilyTree(PuppyDog.java:192)
	at org.dog.PuppyDog.getFamilyTree(PuppyDog.java:192)
	at org.dog.PuppyDog.getFamilyTree(PuppyDog.java:165)
	at org.dog.PuppyDog.getFamilyTree(PuppyDog.java:192)
	at org.dog.PuppyDog.getFamilyTree(PuppyDog.java:192)
	at org.dog.PuppyDog.getFamilyTree(PuppyDog.java:165)
	at org.dog.PuppyDog.getFamilyTree(PuppyDog.java:192)
	at org.dog.PuppyDog.getFamilyTree(PuppyDog.java:192)
	at org.dog.PuppyDog.getFamilyTree(PuppyDog.java:165)
	at org.dog.PuppyDog.getFamilyTree(PuppyDog.java:192)
	at org.dog.PuppyDog.getFamilyTree(PuppyDog.java:192)
	at org.dog.PuppyDog.getFamilyTree(PuppyDog.java:165)
	at org.dog.PuppyDog.getFamilyTree(PuppyDog.java:192)
	at org.dog.PuppyDog.getFamilyTree(PuppyDog.java:192)
	at org.dog.PuppyDog.getFamilyTree(PuppyDog.java:165)
	at org.dog.PuppyDog.getFamilyTree(PuppyDog.java:192)
	at org.dog.PuppyDog.getFamilyTree(PuppyDog.java:192)
	at org.dog.PuppyDog.getFamilyTree(PuppyDog.java:165)
	at org.dog.PuppyDog.getFamilyTree(PuppyDog.java:192)
	at org.dog.PuppyDog.getFamilyTree(PuppyDog.java:192)
	at org.dog.PuppyDog.getFamilyTree(PuppyDog.java:165)
	at org.dog.PuppyDog.getFamilyTree(PuppyDog.java:192)
	at org.dog.PuppyDog.getFamilyTree(PuppyDog.java:192)
	at org.dog.PuppyDog.getFamilyTree(PuppyDog.java:165)
	at org.dog.PuppyDog.getFamilyTree(PuppyDog.java:192)
	at org.dog.PuppyDog.getFamilyTree(PuppyDog.java:192)
	at org.dog.PuppyDog.getFamilyTree(PuppyDog.java:165)
	at org.dog.PuppyDog.getFamilyTree(PuppyDog.java:192)
	at org.dog.PuppyDog.getFamilyTree(PuppyDog.java:192)
	at org.dog.PuppyDog.getFamilyTree(PuppyDog.java:165)
	at org.dog.PuppyDog.getFamilyTree(PuppyDog.java:192)
	at org.dog.PuppyDog.getFamilyTree(PuppyDog.java:192)
	at org.dog.PuppyDog.getFamilyTree(PuppyDog.java:165)
	at org.dog.PuppyDog.getFamilyTree(PuppyDog.java:192)
	at org.dog.PuppyDog.getFamilyTree(PuppyDog.java:192)
	at org.dog.PuppyDog.getFamilyTree(PuppyDog.java:165)
	at org.dog.PuppyDog.getFamilyTree(PuppyDog.java:192)
	at org.dog.PuppyDog.getFamilyTree(PuppyDog.java:192)
	at org.dog.PuppyDog.getFamilyTree(PuppyDog.java:165)
	at org.dog.PuppyDog.getFamilyTree(PuppyDog.java:192)
	at org.dog.PuppyDog.getFamilyTree(PuppyDog.java:192)
	at org.dog.PuppyDog.getFamilyTree(PuppyDog.java:165)
	at org.dog.PuppyDog.getFamilyTree(PuppyDog.java:192)
	at org.dog.PuppyDog.getFamilyTree(PuppyDog.java:192)
	at org.dog.PuppyDog.getFamilyTree(PuppyDog.java:165)
	at org.dog.PuppyDog.getFamilyTree(PuppyDog.java:192)
	at org.dog.PuppyDog.getFamilyTree(PuppyDog.java:192)
	at org.dog.PuppyDog.getFamilyTree(PuppyDog.java:165)
	at org.dog.PuppyDog.getFamilyTree(PuppyDog.java:192)
	at org.dog.PuppyDog.getFamilyTree(PuppyDog.java:192)
	at org.dog.PuppyDog.getFamilyTree(PuppyDog.java:165)
	at org.dog.PuppyDog.getFamilyTree(PuppyDog.java:192)
	at org.dog.PuppyDog.getFamilyTree(PuppyDog.java:192)
	at org.dog.PuppyDog.getFamilyTree(PuppyDog.java:165)
	at org.dog.PuppyDog.getFamilyTree(PuppyDog.java:192)
	at org.dog.PuppyDog.getFamilyTree(PuppyDog.java:192)
	at org.dog.PuppyDog.getFamilyTree(PuppyDog.java:165)
	at org.dog.PuppyDog.getFamilyTree(PuppyDog.java:192)
	at org.dog.PuppyDog.getFamilyTree(PuppyDog.java:192)
	at org.dog.PuppyDog.getFamilyTree(PuppyDog.java:165)
	at org.dog.PuppyDog.getFamilyTree(PuppyDog.java:192)
	at org.dog.PuppyDog.getFamilyTree(PuppyDog.java:192)
	at org.dog.PuppyDog.getFamilyTree(PuppyDog.java:165)
	at org.dog.PuppyDog.getFamilyTree(PuppyDog.java:192)
	at org.dog.PuppyDog.getFamilyTree(PuppyDog.java:192)
	at org.dog.PuppyDog.getFamilyTree(PuppyDog.java:165)
	at org.dog.PuppyDog.getFamilyTree(PuppyDog.java:192)
	at org.dog.PuppyDog.getFamilyTree(PuppyDog.java:192)
	at org.dog.PuppyDog.getFamilyTree(PuppyDog.java:165)
	at org.dog.PuppyDog.getFamilyTree(PuppyDog.java:192)
	at org.dog.PuppyDog.getFamilyTree(PuppyDog.java:192)
	at org.dog.PuppyDog.getFamilyTree(PuppyDog.java:165)
	at org.dog.PuppyDog.getFamilyTree(PuppyDog.java:192)
	at org.dog.PuppyDog.getFamilyTree(PuppyDog.java:192)
	at org.dog.PuppyDog.getFamilyTree(PuppyDog.java:165)
	at org.dog.PuppyDog.getFamilyTree(PuppyDog.java:192)
	at org.dog.PuppyDog.getFamilyTree(PuppyDog.java:192)
	at org.dog.PuppyDog.getFamilyTree(PuppyDog.java:165)
	at org.dog.PuppyDog.getFamilyTree(PuppyDog.java:192)
	at org.dog.PuppyDog.getFamilyTree(PuppyDog.java:192)
	at org.dog.PuppyDog.getFamilyTree(PuppyDog.java:165)
	at org.dog.PuppyDog.getFamilyTree(PuppyDog.java:192)
	at org.dog.PuppyDog.getFamilyTree(PuppyDog.java:192)
	at org.dog.PuppyDog.getFamilyTree(PuppyDog.java:165)
	at org.dog.PuppyDog.getFamilyTree(PuppyDog.java:192)
	at org.dog.PuppyDog.getFamilyTree(PuppyDog.java:192)
	at org.dog.PuppyDog.getFamilyTree(PuppyDog.java:165)
	at org.dog.PuppyDog.getFamilyTree(PuppyDog.java:192)
	at org.dog.PuppyDog.getFamilyTree(PuppyDog.java:192)
	at org.dog.PuppyDog.getFamilyTree(PuppyDog.java:165)
	at org.dog.PuppyDog.getFamilyTree(PuppyDog.java:192)
	at org.dog.PuppyDog.getFamilyTree(PuppyDog.java:192)
	at org.dog.PuppyDog.getFamilyTree(PuppyDog.java:165)
	at org.dog.PuppyDog.getFamilyTree(PuppyDog.java:192)
	at org.dog.PuppyDog.getFamilyTree(PuppyDog.java:192)
	at org.dog.PuppyDog.getFamilyTree(PuppyDog.java:165)
	at org.dog.PuppyDog.getFamilyTree(PuppyDog.java:192)
	at org.dog.PuppyDog.getFamilyTree(PuppyDog.java:192)
	at org.dog.PuppyDog.getFamilyTree(PuppyDog.java:165)
	at org.dog.PuppyDog.getFamilyTree(PuppyDog.java:192)
	at org.dog.PuppyDog.getFamilyTree(PuppyDog.java:192)
	at org.dog.PuppyDog.getFamilyTree(PuppyDog.java:165)
	at org.dog.PuppyDog.getFamilyTree(PuppyDog.java:192)
	at org.dog.PuppyDog.getFamilyTree(PuppyDog.java:192)
	at org.dog.PuppyDog.getFamilyTree(PuppyDog.java:165)
	at org.dog.PuppyDog.getFamilyTree(PuppyDog.java:192)
	at org.dog.PuppyDog.getFamilyTree(PuppyDog.java:192)
	at org.dog.PuppyDog.getFamilyTree(PuppyDog.java:165)
	at org.dog.PuppyDog.getFamilyTree(PuppyDog.java:192)
	at org.dog.PuppyDog.getFamilyTree(PuppyDog.java:192)
	at org.dog.PuppyDog.getFamilyTree(PuppyDog.java:165)
	at org.dog.PuppyDog.getFamilyTree(PuppyDog.java:192)
	at org.dog.PuppyDog.getFamilyTree(PuppyDog.java:192)
	at org.dog.PuppyDog.getFamilyTree(PuppyDog.java:165)
	at org.dog.PuppyDog.getFamilyTree(PuppyDog.java:192)
	at org.dog.PuppyDog.getFamilyTree(PuppyDog.java:192)
	at org.dog.PuppyDog.getFamilyTree(PuppyDog.java:165)
	at org.dog.PuppyDog.getFamilyTree(PuppyDog.java:192)
	at org.dog.PuppyDog.getFamilyTree(PuppyDog.java:192)
	at org.dog.PuppyDog.getFamilyTree(PuppyDog.java:165)
	at org.dog.PuppyDog.getFamilyTree(PuppyDog.java:192)
	at org.dog.PuppyDog.getFamilyTree(PuppyDog.java:192)
	at org.dog.PuppyDog.getFamilyTree(PuppyDog.java:165)
	at org.dog.PuppyDog.getFamilyTree(PuppyDog.java:192)
	at org.dog.PuppyDog.getFamilyTree(PuppyDog.java:192)
	at org.dog.PuppyDog.getFamilyTree(PuppyDog.java:165)
	at org.dog.PuppyDog.getFamilyTree(PuppyDog.java:192)
	at org.dog.PuppyDog.getFamilyTree(PuppyDog.java:192)
	at org.dog.PuppyDog.getFamilyTree(PuppyDog.java:165)
	at org.dog.PuppyDog.getFamilyTree(PuppyDog.java:192)
	at org.dog.PuppyDog.getFamilyTree(PuppyDog.java:192)
	at org.dog.PuppyDog.getFamilyTree(PuppyDog.java:165)
	at org.dog.PuppyDog.getFamilyTree(PuppyDog.java:192)
	at org.dog.PuppyDog.getFamilyTree(PuppyDog.java:192)
	at org.dog.PuppyDog.getFamilyTree(PuppyDog.java:165)
	at org.dog.PuppyDog.getFamilyTree(PuppyDog.java:192)
	at org.dog.PuppyDog.getFamilyTree(PuppyDog.java:192)
	at org.dog.PuppyDog.getFamilyTree(PuppyDog.java:165)
	at org.dog.PuppyDog.getFamilyTree(PuppyDog.java:192)
	at org.dog.PuppyDog.getFamilyTree(PuppyDog.java:192)
	at org.dog.PuppyDog.getFamilyTree(PuppyDog.java:165)
	at org.dog.PuppyDog.getFamilyTree(PuppyDog.java:192)
	at org.dog.PuppyDog.getFamilyTree(PuppyDog.java:192)
	at org.dog.PuppyDog.getFamilyTree(PuppyDog.java:165)
	at org.dog.PuppyDog.getFamilyTree(PuppyDog.java:192)
	at org.dog.PuppyDog.getFamilyTree(PuppyDog.java:192)
	at org.dog.PuppyDog.getFamilyTree(PuppyDog.java:165)
	at org.dog.PuppyDog.getFamilyTree(PuppyDog.java:192)
	at org.dog.PuppyDog.getFamilyTree(PuppyDog.java:192)
	at org.dog.PuppyDog.getFamilyTree(PuppyDog.java:165)
	at org.dog.PuppyDog.getFamilyTree(PuppyDog.java:192)
	at org.dog.PuppyDog.getFamilyTree(PuppyDog.java:192)
	at org.dog.PuppyDog.getFamilyTree(PuppyDog.java:165)
	at org.dog.PuppyDog.getFamilyTree(PuppyDog.java:192)
	at org.dog.PuppyDog.getFamilyTree(PuppyDog.java:192)
	at org.dog.PuppyDog.getFamilyTree(PuppyDog.java:165)
	at org.dog.PuppyDog.getFamilyTree(PuppyDog.java:192)
	at org.dog.PuppyDog.getFamilyTree(PuppyDog.java:192)
	at org.dog.PuppyDog.getFamilyTree(PuppyDog.java:165)
	at org.dog.PuppyDog.getFamilyTree(PuppyDog.java:192)
	at org.dog.PuppyDog.getFamilyTree(PuppyDog.java:192)
	at org.dog.PuppyDog.getFamilyTree(PuppyDog.java:165)
	at org.dog.PuppyDog.getFamilyTree(PuppyDog.java:192)
	at org.dog.PuppyDog.getFamilyTree(PuppyDog.java:192)
	at org.dog.PuppyDog.getFamilyTree(PuppyDog.java:165)
	at org.dog.PuppyDog.getFamilyTree(PuppyDog.java:192)
	at org.dog.PuppyDog.getFamilyTree(PuppyDog.java:192)
	at org.dog.PuppyDog.getFamilyTree(PuppyDog.java:165)
	at org.dog.PuppyDog.getFamilyTree(PuppyDog.java:192)
	at org.dog.PuppyDog.getFamilyTree(PuppyDog.java:192)
	at org.dog.PuppyDog.getFamilyTree(PuppyDog.java:165)
	at org.dog.PuppyDog.getFamilyTree(PuppyDog.java:192)
	at org.dog.PuppyDog.getFamilyTree(PuppyDog.java:192)
	at org.dog.PuppyDog.getFamilyTree(PuppyDog.java:165)
	at org.dog.PuppyDog.getFamilyTree(PuppyDog.java:192)
	at org.dog.PuppyDog.getFamilyTree(PuppyDog.java:192)
	at org.dog.PuppyDog.getFamilyTree(PuppyDog.java:165)
	at org.dog.PuppyDog.getFamilyTree(PuppyDog.java:192)
	at org.dog.PuppyDog.getFamilyTree(PuppyDog.java:192)
	at org.dog.PuppyDog.getFamilyTree(PuppyDog.java:165)
	at org.dog.PuppyDog.getFamilyTree(PuppyDog.java:192)
	at org.dog.PuppyDog.getFamilyTree(PuppyDog.java:192)
	at org.dog.PuppyDog.getFamilyTree(PuppyDog.java:165)
	at org.dog.PuppyDog.getFamilyTree(PuppyDog.java:192)
	at org.dog.PuppyDog.getFamilyTree(PuppyDog.java:192)
	at org.dog.PuppyDog.getFamilyTree(PuppyDog.java:165)
	at org.dog.PuppyDog.getFamilyTree(PuppyDog.java:192)
	at org.dog.PuppyDog.getFamilyTree(PuppyDog.java:192)
	at org.dog.PuppyDog.getFamilyTree(PuppyDog.java:165)
	at org.dog.PuppyDog.getFamilyTree(PuppyDog.java:192)
	at org.dog.PuppyDog.getFamilyTree(PuppyDog.java:192)
	at org.dog.PuppyDog.getFamilyTree(PuppyDog.java:165)
	at org.dog.PuppyDog.getFamilyTree(PuppyDog.java:192)
	at org.dog.PuppyDog.getFamilyTree(PuppyDog.java:192)
	at org.dog.PuppyDog.getFamilyTree(PuppyDog.java:165)
	at org.dog.PuppyDog.getFamilyTree(PuppyDog.java:192)
	at org.dog.PuppyDog.getFamilyTree(PuppyDog.java:192)
	at org.dog.PuppyDog.getFamilyTree(PuppyDog.java:165)
	at org.dog.PuppyDog.getFamilyTree(PuppyDog.java:192)
	at org.dog.PuppyDog.getFamilyTree(PuppyDog.java:192)
	at org.dog.PuppyDog.getFamilyTree(PuppyDog.java:165)
	at org.dog.PuppyDog.getFamilyTree(PuppyDog.java:192)
	at org.dog.PuppyDog.getFamilyTree(PuppyDog.java:192)
	at org.dog.PuppyDog.getFamilyTree(PuppyDog.java:165)
	at org.dog.PuppyDog.getFamilyTree(PuppyDog.java:192)
	at org.dog.PuppyDog.getFamilyTree(PuppyDog.java:192)
	at org.dog.PuppyDog.getFamilyTree(PuppyDog.java:165)
	at org.dog.PuppyDog.getFamilyTree(PuppyDog.java:192)
	at org.dog.PuppyDog.getFamilyTree(PuppyDog.java:192)
	at org.dog.PuppyDog.getFamilyTree(PuppyDog.java:165)
	at org.dog.PuppyDog.getFamilyTree(PuppyDog.java:192)
	at org.dog.PuppyDog.getFamilyTree(PuppyDog.java:192)
	at org.dog.PuppyDog.getFamilyTree(PuppyDog.java:165)
	at org.dog.PuppyDog.getFamilyTree(PuppyDog.java:192)
	at org.dog.PuppyDog.getFamilyTree(PuppyDog.java:192)
	at org.dog.PuppyDog.getFamilyTree(PuppyDog.java:165)
	at org.dog.PuppyDog.getFamilyTree(PuppyDog.java:192)
	at org.dog.PuppyDog.getFamilyTree(PuppyDog.java:192)
	at org.dog.PuppyDog.getFamilyTree(PuppyDog.java:165)
	at org.dog.PuppyDog.getFamilyTree(PuppyDog.java:192)
	at org.dog.PuppyDog.getFamilyTree(PuppyDog.java:192)
	at org.dog.PuppyDog.getFamilyTree(PuppyDog.java:165)
	at org.dog.PuppyDog.getFamilyTree(PuppyDog.java:192)
	at org.dog.PuppyDog.getFamilyTree(PuppyDog.java:192)
	at org.dog.PuppyDog.getFamilyTree(PuppyDog.java:165)
	at org.dog.PuppyDog.getFamilyTree(PuppyDog.java:192)
	at org.dog.PuppyDog.getFamilyTree(PuppyDog.java:192)
	at org.dog.PuppyDog.getFamilyTree(PuppyDog.java:165)
	at org.dog.PuppyDog.getFamilyTree(PuppyDog.java:192)
	at org.dog.PuppyDog.getFamilyTree(PuppyDog.java:192)
	at org.dog.PuppyDog.getFamilyTree(PuppyDog.java:165)
	at org.dog.PuppyDog.getFamilyTree(PuppyDog.java:192)
	at org.dog.PuppyDog.getFamilyTree(PuppyDog.java:192)
	at org.dog.PuppyDog.getFamilyTree(PuppyDog.java:165)
	at org.dog.PuppyDog.getFamilyTree(PuppyDog.java:192)
	at org.dog.PuppyDog.getFamilyTree(PuppyDog.java:192)
	at org.dog.PuppyDog.getFamilyTree(PuppyDog.java:165)
	at org.dog.PuppyDog.getFamilyTree(PuppyDog.java:192)
	at org.dog.PuppyDog.getFamilyTree(PuppyDog.java:192)
	at org.dog.PuppyDog.getFamilyTree(PuppyDog.java:165)
	at org.dog.PuppyDog.getFamilyTree(PuppyDog.java:192)
	at org.dog.PuppyDog.getFamilyTree(PuppyDog.java:192)
	at org.dog.PuppyDog.getFamilyTree(PuppyDog.java:165)
	at org.dog.PuppyDog.getFamilyTree(PuppyDog.java:192)
	at org.dog.PuppyDog.getFamilyTree(PuppyDog.java:192)
	at org.dog.PuppyDog.getFamilyTree(PuppyDog.java:165)
	at org.dog.PuppyDog.getFamilyTree(PuppyDog.java:192)
	at org.dog.PuppyDog.getFamilyTree(PuppyDog.java:192)
	at org.dog.PuppyDog.getFamilyTree(PuppyDog.java:165)
	at org.dog.PuppyDog.getFamilyTree(PuppyDog.java:192)
	at org.dog.PuppyDog.getFamilyTree(PuppyDog.java:192)
	at org.dog.PuppyDog.getFamilyTree(PuppyDog.java:165)
	at org.dog.PuppyDog.getFamilyTree(PuppyDog.java:192)
	at org.dog.PuppyDog.getFamilyTree(PuppyDog.java:192)
	at org.dog.PuppyDog.getFamilyTree(PuppyDog.java:165)
	at org.dog.PuppyDog.getFamilyTree(PuppyDog.java:192)
	at org.dog.PuppyDog.getFamilyTree(PuppyDog.java:192)
	at org.dog.PuppyDog.getFamilyTree(PuppyDog.java:165)
	at org.dog.PuppyDog.getFamilyTree(PuppyDog.java:192)
	at org.dog.PuppyDog.getFamilyTree(PuppyDog.java:192)
	at org.dog.PuppyDog.getFamilyTree(PuppyDog.java:165)
	at org.dog.PuppyDog.getFamilyTree(PuppyDog.java:192)
	at org.dog.PuppyDog.getFamilyTree(PuppyDog.java:192)
	at org.dog.PuppyDog.getFamilyTree(PuppyDog.java:165)
	at org.dog.PuppyDog.getFamilyTree(PuppyDog.java:192)
	at org.dog.PuppyDog.getFamilyTree(PuppyDog.java:192)
	at org.dog.PuppyDog.getFamilyTree(PuppyDog.java:165)
	at org.dog.PuppyDog.getFamilyTree(PuppyDog.java:192)
	at org.dog.PuppyDog.getFamilyTree(PuppyDog.java:192)
	at org.dog.PuppyDog.getFamilyTree(PuppyDog.java:165)
	at org.dog.PuppyDog.getFamilyTree(PuppyDog.java:192)
	at org.dog.PuppyDog.getFamilyTree(PuppyDog.java:192)
	at org.dog.PuppyDog.getFamilyTree(PuppyDog.java:165)
	at org.dog.PuppyDog.getFamilyTree(PuppyDog.java:192)
	at org.dog.PuppyDog.getFamilyTree(PuppyDog.java:192)
	at org.dog.PuppyDog.getFamilyTree(PuppyDog.java:165)
	at org.dog.PuppyDog.getFamilyTree(PuppyDog.java:192)
	at org.dog.PuppyDog.getFamilyTree(PuppyDog.java:192)
	at org.dog.PuppyDog.getFamilyTree(PuppyDog.java:165)
	at org.dog.PuppyDog.getFamilyTree(PuppyDog.java:192)
	at org.dog.PuppyDog.getFamilyTree(PuppyDog.java:192)
	at org.dog.PuppyDog.getFamilyTree(PuppyDog.java:165)
	at org.dog.PuppyDog.getFamilyTree(PuppyDog.java:192)
	at org.dog.PuppyDog.getFamilyTree(PuppyDog.java:192)
	at org.dog.PuppyDog.getFamilyTree(PuppyDog.java:165)
	at org.dog.PuppyDog.getFamilyTree(PuppyDog.java:192)
	at org.dog.PuppyDog.getFamilyTree(PuppyDog.java:192)
	at org.dog.PuppyDog.getFamilyTree(PuppyDog.java:165)
	at org.dog.PuppyDog.getFamilyTree(PuppyDog.java:192)
	at org.dog.PuppyDog.getFamilyTree(PuppyDog.java:192)
	at org.dog.PuppyDog.getFamilyTree(PuppyDog.java:165)
	at org.dog.PuppyDog.getFamilyTree(PuppyDog.java:192)
	at org.dog.PuppyDog.getFamilyTree(PuppyDog.java:192)
	at org.dog.PuppyDog.getFamilyTree(PuppyDog.java:165)
	at org.dog.PuppyDog.getFamilyTree(PuppyDog.java:192)
	at org.dog.PuppyDog.getFamilyTree(PuppyDog.java:192)
	at org.dog.PuppyDog.getFamilyTree(PuppyDog.java:165)
	at org.dog.PuppyDog.getFamilyTree(PuppyDog.java:192)
	at org.dog.PuppyDog.getFamilyTree(PuppyDog.java:192)
	at org.dog.PuppyDog.getFamilyTree(PuppyDog.java:165)
	at org.dog.PuppyDog.getFamilyTree(PuppyDog.java:192)
	at org.dog.PuppyDog.getFamilyTree(PuppyDog.java:192)
	at org.dog.PuppyDog.getFamilyTree(PuppyDog.java:165)
	at org.dog.PuppyDog.getFamilyTree(PuppyDog.java:192)
	at org.dog.PuppyDog.getFamilyTree(PuppyDog.java:192)
	at org.dog.PuppyDog.getFamilyTree(PuppyDog.java:165)
	at org.dog.PuppyDog.getFamilyTree(PuppyDog.java:192)
	at org.dog.PuppyDog.getFamilyTree(PuppyDog.java:192)
	at org.dog.PuppyDog.getFamilyTree(PuppyDog.java:165)
	at org.dog.PuppyDog.getFamilyTree(PuppyDog.java:192)
	at org.dog.PuppyDog.getFamilyTree(PuppyDog.java:192)
	at org.dog.PuppyDog.getFamilyTree(PuppyDog.java:165)
	at org.dog.PuppyDog.getFamilyTree(PuppyDog.java:192)
	at org.dog.PuppyDog.getFamilyTree(PuppyDog.java:192)
	at org.dog.PuppyDog.getFamilyTree(PuppyDog.java:165)
	at org.dog.PuppyDog.getFamilyTree(PuppyDog.java:192)
	at org.dog.PuppyDog.getFamilyTree(PuppyDog.java:192)
	at org.dog.PuppyDog.getFamilyTree(PuppyDog.java:165)
	at org.dog.PuppyDog.getFamilyTree(PuppyDog.java:192)
	at org.dog.PuppyDog.getFamilyTree(PuppyDog.java:192)
	at org.dog.PuppyDog.getFamilyTree(PuppyDog.java:165)
	at org.dog.PuppyDog.getFamilyTree(PuppyDog.java:192)
	at org.dog.PuppyDog.getFamilyTree(PuppyDog.java:192)
	at org.dog.PuppyDog.getFamilyTree(PuppyDog.java:165)
	at org.dog.PuppyDog.getFamilyTree(PuppyDog.java:192)
	at org.dog.PuppyDog.getFamilyTree(PuppyDog.java:192)
	at org.dog.PuppyDog.getFamilyTree(PuppyDog.java:165)
	at org.dog.PuppyDog.getFamilyTree(PuppyDog.java:192)
	at org.dog.PuppyDog.getFamilyTree(PuppyDog.java:192)
	at org.dog.PuppyDog.getFamilyTree(PuppyDog.java:165)
	at org.dog.PuppyDog.getFamilyTree(PuppyDog.java:192)
	at org.dog.PuppyDog.getFamilyTree(PuppyDog.java:192)
	at org.dog.PuppyDog.getFamilyTree(PuppyDog.java:165)
	at org.dog.PuppyDog.getFamilyTree(PuppyDog.java:192)
	at org.dog.PuppyDog.getFamilyTree(PuppyDog.java:192)
	at org.dog.PuppyDog.getFamilyTree(PuppyDog.java:165)
	at org.dog.PuppyDog.getFamilyTree(PuppyDog.java:192)
	at org.dog.PuppyDog.getFamilyTree(PuppyDog.java:192)
	at org.dog.PuppyDog.getFamilyTree(PuppyDog.java:165)
	at org.dog.PuppyDog.getFamilyTree(PuppyDog.java:192)
	at org.dog.PuppyDog.getFamilyTree(PuppyDog.java:192)
	at org.dog.PuppyDog.getFamilyTree(PuppyDog.java:165)
	at org.dog.PuppyDog.getFamilyTree(PuppyDog.java:192)
	at org.dog.PuppyDog.getFamilyTree(PuppyDog.java:192)
	at org.dog.PuppyDog.getFamilyTree(PuppyDog.java:165)
	at org.dog.PuppyDog.getFamilyTree(PuppyDog.java:192)
	at org.dog.PuppyDog.getFamilyTree(PuppyDog.java:192)
	at org.dog.PuppyDog.getFamilyTree(PuppyDog.java:165)
	at org.dog.PuppyDog.getFamilyTree(PuppyDog.java:192)
	at org.dog.PuppyDog.getFamilyTree(PuppyDog.java:192)
	at org.dog.PuppyDog.getFamilyTree(PuppyDog.java:165)
	at org.dog.PuppyDog.getFamilyTree(PuppyDog.java:192)
	at org.dog.PuppyDog.getFamilyTree(PuppyDog.java:192)
	at org.dog.PuppyDog.getFamilyTree(PuppyDog.java:165)
	at org.dog.PuppyDog.getFamilyTree(PuppyDog.java:192)
	at org.dog.PuppyDog.getFamilyTree(PuppyDog.java:192)
	at org.dog.PuppyDog.getFamilyTree(PuppyDog.java:165)
	at org.dog.PuppyDog.getFamilyTree(PuppyDog.java:192)
	at org.dog.PuppyDog.getFamilyTree(PuppyDog.java:192)
	at org.dog.PuppyDog.getFamilyTree(PuppyDog.java:165)
	at org.dog.PuppyDog.getFamilyTree(PuppyDog.java:192)
	at org.dog.PuppyDog.getFamilyTree(PuppyDog.java:192)
	at org.dog.PuppyDog.getFamilyTree(PuppyDog.java:165)
	at org.dog.PuppyDog.getFamilyTree(PuppyDog.java:192)
	at org.dog.PuppyDog.getFamilyTree(PuppyDog.java:192)
	at org.dog.PuppyDog.getFamilyTree(PuppyDog.java:165)
	at org.dog.PuppyDog.getFamilyTree(PuppyDog.java:192)
	at org.dog.PuppyDog.getFamilyTree(PuppyDog.java:192)
	at org.dog.PuppyDog.getFamilyTree(PuppyDog.java:165)
	at org.dog.PuppyDog.getFamilyTree(PuppyDog.java:192)
	at org.dog.PuppyDog.getFamilyTree(PuppyDog.java:192)
	at org.dog.PuppyDog.getFamilyTree(PuppyDog.java:165)
	at org.dog.PuppyDog.getFamilyTree(PuppyDog.java:192)
	at org.dog.PuppyDog.getFamilyTree(PuppyDog.java:192)
	at org.dog.PuppyDog.getFamilyTree(PuppyDog.java:165)
	at org.dog.PuppyDog.getFamilyTree(PuppyDog.java:192)
	at org.dog.PuppyDog.getFamilyTree(PuppyDog.java:192)
	at org.dog.PuppyDog.getFamilyTree(PuppyDog.java:165)
	at org.dog.PuppyDog.getFamilyTree(PuppyDog.java:192)
	at org.dog.PuppyDog.getFamilyTree(PuppyDog.java:192)
	at org.dog.PuppyDog.getFamilyTree(PuppyDog.java:165)
	at org.dog.PuppyDog.getFamilyTree(PuppyDog.java:192)
	at org.dog.PuppyDog.getFamilyTree(PuppyDog.java:192)
	at org.dog.PuppyDog.getFamilyTree(PuppyDog.java:165)
	at org.dog.PuppyDog.getFamilyTree(PuppyDog.java:192)
	at org.dog.PuppyDog.getFamilyTree(PuppyDog.java:192)
	at org.dog.PuppyDog.getFamilyTree(PuppyDog.java:165)
	at org.dog.PuppyDog.getFamilyTree(PuppyDog.java:192)
	at org.dog.PuppyDog.getFamilyTree(PuppyDog.java:192)
	at org.dog.PuppyDog.getFamilyTree(PuppyDog.java:165)
	at org.dog.PuppyDog.getFamilyTree(PuppyDog.java:192)
	at org.dog.PuppyDog.getFamilyTree(PuppyDog.java:192)
	at org.dog.PuppyDog.getFamilyTree(PuppyDog.java:165)
	at org.dog.PuppyDog.getFamilyTree(PuppyDog.java:192)
	at org.dog.PuppyDog.getFamilyTree(PuppyDog.java:192)
	at org.dog.PuppyDog.getFamilyTree(PuppyDog.java:165)
	at org.dog.PuppyDog.getFamilyTree(PuppyDog.java:192)
	at org.dog.PuppyDog.getFamilyTree(PuppyDog.java:192)
	at org.dog.PuppyDog.getFamilyTree(PuppyDog.java:165)
	at org.dog.PuppyDog.getFamilyTree(PuppyDog.java:192)
	at org.dog.PuppyDog.getFamilyTree(PuppyDog.java:192)
	at org.dog.PuppyDog.getFamilyTree(PuppyDog.java:165)
	at org.dog.PuppyDog.getFamilyTree(PuppyDog.java:192)
	at org.dog.PuppyDog.getFamilyTree(PuppyDog.java:192)
	at org.dog.PuppyDog.getFamilyTree(PuppyDog.java:165)
	at org.dog.PuppyDog.getFamilyTree(PuppyDog.java:192)
	at org.dog.PuppyDog.getFamilyTree(PuppyDog.java:192)
	at org.dog.PuppyDog.getFamilyTree(PuppyDog.java:165)
	at org.dog.PuppyDog.getFamilyTree(PuppyDog.java:192)
	at org.dog.PuppyDog.getFamilyTree(PuppyDog.java:192)
	at org.dog.PuppyDog.getFamilyTree(PuppyDog.java:165)
	at org.dog.PuppyDog.getFamilyTree(PuppyDog.java:192)
	at org.dog.PuppyDog.getFamilyTree(PuppyDog.java:192)
	at org.dog.PuppyDog.getFamilyTree(PuppyDog.java:165)
	at org.dog.PuppyDog.getFamilyTree(PuppyDog.java:192)
	at org.dog.PuppyDog.getFamilyTree(PuppyDog.java:192)
	at org.dog.PuppyDog.getFamilyTree(PuppyDog.java:165)
	at org.dog.PuppyDog.getFamilyTree(PuppyDog.java:192)
	at org.dog.PuppyDog.getFamilyTree(PuppyDog.java:192)
	at org.dog.PuppyDog.getFamilyTree(PuppyDog.java:165)
	at org.dog.PuppyDog.getFamilyTree(PuppyDog.java:192)
	at org.dog.PuppyDog.getFamilyTree(PuppyDog.java:192)
	at org.dog.PuppyDog.getFamilyTree(PuppyDog.java:165)
	at org.dog.PuppyDog.getFamilyTree(PuppyDog.java:192)
	at org.dog.PuppyDog.getFamilyTree(PuppyDog.java:192)
	at org.dog.PuppyDog.getFamilyTree(PuppyDog.java:165)
	at org.dog.PuppyDog.getFamilyTree(PuppyDog.java:192)
	at org.dog.PuppyDog.getFamilyTree(PuppyDog.java:192)
	at org.dog.PuppyDog.getFamilyTree(PuppyDog.java:165)
	at org.dog.PuppyDog.getFamilyTree(PuppyDog.java:192)
	at org.dog.PuppyDog.getFamilyTree(PuppyDog.java:192)
	at org.dog.PuppyDog.getFamilyTree(PuppyDog.java:165)
	at org.dog.PuppyDog.getFamilyTree(PuppyDog.java:192)
	at org.dog.PuppyDog.getFamilyTree(PuppyDog.java:192)
	at org.dog.PuppyDog.getFamilyTree(PuppyDog.java:165)
	at org.dog.PuppyDog.getFamilyTree(PuppyDog.java:192)
	at org.dog.PuppyDog.getFamilyTree(PuppyDog.java:192)
	at org.dog.PuppyDog.getFamilyTree(PuppyDog.java:165)
	at org.dog.PuppyDog.getFamilyTree(PuppyDog.java:192)
	at org.dog.PuppyDog.getFamilyTree(PuppyDog.java:192)
	at org.dog.PuppyDog.getFamilyTree(PuppyDog.java:165)
	at org.dog.PuppyDog.getFamilyTree(PuppyDog.java:192)
	at org.dog.PuppyDog.getFamilyTree(PuppyDog.java:192)
	at org.dog.PuppyDog.getFamilyTree(PuppyDog.java:165)
	at org.dog.PuppyDog.getFamilyTree(PuppyDog.java:192)
	at org.dog.PuppyDog.getFamilyTree(PuppyDog.java:192)
	at org.dog.PuppyDog.getFamilyTree(PuppyDog.java:165)
	at org.dog.PuppyDog.getFamilyTree(PuppyDog.java:192)
	at org.dog.PuppyDog.getFamilyTree(PuppyDog.java:192)
	at org.dog.PuppyDog.getFamilyTree(PuppyDog.java:165)
	at org.dog.PuppyDog.getFamilyTree(PuppyDog.java:192)
	at org.dog.PuppyDog.getFamilyTree(PuppyDog.java:192)
	at org.dog.PuppyDog.getFamilyTree(PuppyDog.java:165)
	at org.dog.PuppyDog.getFamilyTree(PuppyDog.java:192)
	at org.dog.PuppyDog.getFamilyTree(PuppyDog.java:192)
	at org.dog.PuppyDog.getFamilyTree(PuppyDog.java:165)
	at org.dog.PuppyDog.getFamilyTree(PuppyDog.java:192)
	at org.dog.PuppyDog.getFamilyTree(PuppyDog.java:192)
	at org.dog.PuppyDog.getFamilyTree(PuppyDog.java:165)
	at org.dog.PuppyDog.getFamilyTree(PuppyDog.java:192)
	at org.dog.PuppyDog.getFamilyTree(PuppyDog.java:192)
	at org.dog.PuppyDog.getFamilyTree(PuppyDog.java:165)
	at org.dog.PuppyDog.getFamilyTree(PuppyDog.java:192)
	at org.dog.PuppyDog.getFamilyTree(PuppyDog.java:192)
	at org.dog.PuppyDog.getFamilyTree(PuppyDog.java:165)
	at org.dog.PuppyDog.getFamilyTree(PuppyDog.java:192)
	at org.dog.PuppyDog.getFamilyTree(PuppyDog.java:192)
	at org.dog.PuppyDog.getFamilyTree(PuppyDog.java:165)
	at org.dog.PuppyDog.getFamilyTree(PuppyDog.java:192)
	at org.dog.PuppyDog.getFamilyTree(PuppyDog.java:192)
	at org.dog.PuppyDog.getFamilyTree(PuppyDog.java:165)
	at org.dog.PuppyDog.getFamilyTree(PuppyDog.java:192)
	at org.dog.PuppyDog.getFamilyTree(PuppyDog.java:192)
	at org.dog.PuppyDog.getFamilyTree(PuppyDog.java:165)
	at org.dog.PuppyDog.getFamilyTree(PuppyDog.java:192)
	at org.dog.PuppyDog.getFamilyTree(PuppyDog.java:192)
	at org.dog.PuppyDog.getFamilyTree(PuppyDog.java:165)
	at org.dog.PuppyDog.getFamilyTree(PuppyDog.java:192)
	at org.dog.PuppyDog.getFamilyTree(PuppyDog.java:192)
	at org.dog.PuppyDog.getFamilyTree(PuppyDog.java:165)
	at org.dog.PuppyDog.getFamilyTree(PuppyDog.java:192)
	at org.dog.PuppyDog.getFamilyTree(PuppyDog.java:192)
	at org.dog.PuppyDog.getFamilyTree(PuppyDog.java:165)
	at org.dog.PuppyDog.getFamilyTree(PuppyDog.java:192)
	at org.dog.PuppyDog.getFamilyTree(PuppyDog.java:192)
	at org.dog.PuppyDog.getFamilyTree(PuppyDog.java:165)
	at org.dog.PuppyDog.getFamilyTree(PuppyDog.java:192)
	at org.dog.PuppyDog.getFamilyTree(PuppyDog.java:192)
	at org.dog.PuppyDog.getFamilyTree(PuppyDog.java:165)
	at org.dog.PuppyDog.getFamilyTree(PuppyDog.java:192)
	at org.dog.PuppyDog.getFamilyTree(PuppyDog.java:192)
	at org.dog.PuppyDog.getFamilyTree(PuppyDog.java:165)
	at org.dog.PuppyDog.getFamilyTree(PuppyDog.java:192)
	at org.dog.PuppyDog.getFamilyTree(PuppyDog.java:192)
	at org.dog.PuppyDog.getFamilyTree(PuppyDog.java:165)
	at org.dog.PuppyDog.getFamilyTree(PuppyDog.java:192)
	at org.dog.PuppyDog.getFamilyTree(PuppyDog.java:192)
	at org.dog.PuppyDog.getFamilyTree(PuppyDog.java:165)
	at org.dog.PuppyDog.getFamilyTree(PuppyDog.java:192)
	at org.dog.PuppyDog.getFamilyTree(PuppyDog.java:192)
	at org.dog.PuppyDog.getFamilyTree(PuppyDog.java:165)
	at org.dog.PuppyDog.getFamilyTree(PuppyDog.java:192)
	at org.dog.PuppyDog.getFamilyTree(PuppyDog.java:192)
	at org.dog.PuppyDog.getFamilyTree(PuppyDog.java:165)
	at org.dog.PuppyDog.getFamilyTree(PuppyDog.java:192)
	at org.dog.PuppyDog.getFamilyTree(PuppyDog.java:192)
	at org.dog.PuppyDog.getFamilyTree(PuppyDog.java:165)
	at org.dog.PuppyDog.getFamilyTree(PuppyDog.java:192)
	at org.dog.PuppyDog.getFamilyTree(PuppyDog.java:192)
	at org.dog.PuppyDog.getFamilyTree(PuppyDog.java:165)
	at org.dog.PuppyDog.getFamilyTree(PuppyDog.java:192)
	at org.dog.PuppyDog.getFamilyTree(PuppyDog.java:192)
	at org.dog.PuppyDog.getFamilyTree(PuppyDog.java:165)
	at org.dog.PuppyDog.getFamilyTree(PuppyDog.java:192)
	at org.dog.PuppyDog.getFamilyTree(PuppyDog.java:192)
	at org.dog.PuppyDog.getFamilyTree(PuppyDog.java:165)
	at org.dog.PuppyDog.getFamilyTree(PuppyDog.java:192)
	at org.dog.PuppyDog.getFamilyTree(PuppyDog.java:192)
	at org.dog.PuppyDog.getFamilyTree(PuppyDog.java:165)
	at org.dog.PuppyDog.getFamilyTree(PuppyDog.java:192)
	at org.dog.PuppyDog.getFamilyTree(PuppyDog.java:192)
	at org.dog.PuppyDog.getFamilyTree(PuppyDog.java:165)
	at org.dog.PuppyDog.getFamilyTree(PuppyDog.java:192)
	at org.dog.PuppyDog.getFamilyTree(PuppyDog.java:192)
	at org.dog.PuppyDog.getFamilyTree(PuppyDog.java:165)
	at org.dog.PuppyDog.getFamilyTree(PuppyDog.java:192)
	at org.dog.PuppyDog.getFamilyTree(PuppyDog.java:192)
	at org.dog.PuppyDog.getFamilyTree(PuppyDog.java:165)
	at org.dog.PuppyDog.getFamilyTree(PuppyDog.java:192)
	at org.dog.PuppyDog.getFamilyTree(PuppyDog.java:192)
	at org.dog.PuppyDog.getFamilyTree(PuppyDog.java:165)
	at org.dog.PuppyDog.getFamilyTree(PuppyDog.java:192)
	at org.dog.PuppyDog.getFamilyTree(PuppyDog.java:192)
	at org.dog.PuppyDog.getFamilyTree(PuppyDog.java:165)
	at org.dog.PuppyDog.getFamilyTree(PuppyDog.java:192)
	at org.dog.PuppyDog.getFamilyTree(PuppyDog.java:192)
	at org.dog.PuppyDog.getFamilyTree(PuppyDog.java:165)
	at org.dog.PuppyDog.getFamilyTree(PuppyDog.java:192)
	at org.dog.PuppyDog.getFamilyTree(PuppyDog.java:192)
	at org.dog.PuppyDog.getFamilyTree(PuppyDog.java:165)
	at org.dog.PuppyDog.getFamilyTree(PuppyDog.java:192)
	at org.dog.PuppyDog.getFamilyTree(PuppyDog.java:192)
	at org.dog.PuppyDog.getFamilyTree(PuppyDog.java:165)
	at org.dog.PuppyDog.getFamilyTree(PuppyDog.java:192)
	at org.dog.PuppyDog.getFamilyTree(PuppyDog.java:192)
	at org.dog.PuppyDog.getFamilyTree(PuppyDog.java:165)
	at org.dog.PuppyDog.getFamilyTree(PuppyDog.java:192)
	at org.dog.PuppyDog.getFamilyTree(PuppyDog.java:192)
	at org.dog.PuppyDog.getFamilyTree(PuppyDog.java:165)
	at org.dog.PuppyDog.getFamilyTree(PuppyDog.java:192)
	at org.dog.PuppyDog.getFamilyTree(PuppyDog.java:192)
	at org.dog.PuppyDog.getFamilyTree(PuppyDog.java:165)
	at org.dog.PuppyDog.getFamilyTree(PuppyDog.java:192)
	at org.dog.PuppyDog.getFamilyTree(PuppyDog.java:192)
	at org.dog.PuppyDog.getFamilyTree(PuppyDog.java:165)
	at org.dog.PuppyDog.getFamilyTree(PuppyDog.java:192)
	at org.dog.PuppyDog.getFamilyTree(PuppyDog.java:192)
	at org.dog.PuppyDog.getFamilyTree(PuppyDog.java:165)
	at org.dog.PuppyDog.getFamilyTree(PuppyDog.java:192)
	at org.dog.PuppyDog.getFamilyTree(PuppyDog.java:192)
	at org.dog.PuppyDog.getFamilyTree(PuppyDog.java:165)
	at org.dog.PuppyDog.getFamilyTree(PuppyDog.java:192)
	at org.dog.PuppyDog.getFamilyTree(PuppyDog.java:192)
	at org.dog.PuppyDog.getFamilyTree(PuppyDog.java:165)
	at org.dog.PuppyDog.getFamilyTree(PuppyDog.java:192)
	at org.dog.PuppyDog.getFamilyTree(PuppyDog.java:192)
	at org.dog.PuppyDog.getFamilyTree(PuppyDog.java:165)
	at org.dog.PuppyDog.getFamilyTree(PuppyDog.java:192)
	at org.dog.PuppyDog.getFamilyTree(PuppyDog.java:192)
	at org.dog.PuppyDog.getFamilyTree(PuppyDog.java:165)
	at org.dog.PuppyDog.getFamilyTree(PuppyDog.java:192)
	at org.dog.PuppyDog.getFamilyTree(PuppyDog.java:192)
	at org.dog.PuppyDog.getFamilyTree(PuppyDog.java:165)
	at org.dog.PuppyDog.getFamilyTree(PuppyDog.java:192)
	at org.dog.PuppyDog.getFamilyTree(PuppyDog.java:192)
	at org.dog.PuppyDog.getFamilyTree(PuppyDog.java:165)
	at org.dog.PuppyDog.getFamilyTree(PuppyDog.java:192)
	at org.dog.PuppyDog.getFamilyTree(PuppyDog.java:192)
	at org.dog.PuppyDog.getFamilyTree(PuppyDog.java:165)
	at org.dog.PuppyDog.getFamilyTree(PuppyDog.java:192)
	at org.dog.PuppyDog.getFamilyTree(PuppyDog.java:192)
	at org.dog.PuppyDog.getFamilyTree(PuppyDog.java:165)
]]>
    </failure>
  </testcase> <!-- test -->
</testsuite> <!-- Default test -->
