<?xml version="1.0" encoding="UTF-8"?>
<testng-results skipped="0" failed="1" total="1" passed="0">
  <reporter-output>
  </reporter-output>
  <suite name="Default suite" duration-ms="1413" started-at="2015-06-15T14:07:51Z" finished-at="2015-06-15T14:07:52Z">
    <groups>
    </groups>
    <test name="Default test" duration-ms="1413" started-at="2015-06-15T14:07:51Z" finished-at="2015-06-15T14:07:52Z">
      <class name="org.dog.TestMain">
        <test-method status="FAIL" signature="test()[pri:0, instance:org.dog.TestMain@67117f44]" name="test" duration-ms="1367" started-at="2015-06-15T17:07:51Z" finished-at="2015-06-15T17:07:52Z">
          <exception class="java.lang.StackOverflowError">
            <full-stacktrace>
              <![CDATA[java.lang.StackOverflowError
	at java.util.Stack.peek(Unknown Source)
	at org.dog.DogHelper.eliminateChild(DogHelper.java:65)
	at org.dog.DogHelper.eliminateChild(DogHelper.java:79)
	at org.dog.PuppyDog.getFamilyTree(PuppyDog.java:181)
	at org.dog.PuppyDog.getFamilyTree(PuppyDog.java:192)
	at org.dog.PuppyDog.getFamilyTree(PuppyDog.java:192)
	at org.dog.PuppyDog.getFamilyTree(PuppyDog.java:165)
	at org.dog.PuppyDog.getFamilyTree(PuppyDog.java:192)
	at org.dog.PuppyDog.getFamilyTree(PuppyDog.java:192)
	at org.dog.PuppyDog.getFamilyTree(PuppyDog.java:165)
	at org.dog.PuppyDog.getFamilyTree(PuppyDog.java:192)
	at org.dog.PuppyDog.getFamilyTree(PuppyDog.java:192)
	at org.dog.PuppyDog.getFamilyTree(PuppyDog.java:165)
	at org.dog.PuppyDog.getFamilyTree(PuppyDog.java:192)
	at org.dog.PuppyDog.getFamilyTree(PuppyDog.java:192)
	at org.dog.PuppyDog.getFamilyTree(PuppyDog.java:165)
	at org.dog.PuppyDog.getFamilyTree(PuppyDog.java:192)
	at org.dog.PuppyDog.getFamilyTree(PuppyDog.java:192)
	at org.dog.PuppyDog.getFamilyTree(PuppyDog.java:165)
	at org.dog.PuppyDog.getFamilyTree(PuppyDog.java:192)
	at org.dog.PuppyDog.getFamilyTree(PuppyDog.java:192)
	at org.dog.PuppyDog.getFamilyTree(PuppyDog.java:165)
	at org.dog.PuppyDog.getFamilyTree(PuppyDog.java:192)
	at org.dog.PuppyDog.getFamilyTree(PuppyDog.java:192)
	at org.dog.PuppyDog.getFamilyTree(PuppyDog.java:165)
	at org.dog.PuppyDog.getFamilyTree(PuppyDog.java:192)
	at org.dog.PuppyDog.getFamilyTree(PuppyDog.java:192)
	at org.dog.PuppyDog.getFamilyTree(PuppyDog.java:165)
	at org.dog.PuppyDog.getFamilyTree(PuppyDog.java:192)
	at org.dog.PuppyDog.getFamilyTree(PuppyDog.java:192)
	at org.dog.PuppyDog.getFamilyTree(PuppyDog.java:165)
	at org.dog.PuppyDog.getFamilyTree(PuppyDog.java:192)
	at org.dog.PuppyDog.getFamilyTree(PuppyDog.java:192)
	at org.dog.PuppyDog.getFamilyTree(PuppyDog.java:165)
	at org.dog.PuppyDog.getFamilyTree(PuppyDog.java:192)
	at org.dog.PuppyDog.getFamilyTree(PuppyDog.java:192)
	at org.dog.PuppyDog.getFamilyTree(PuppyDog.java:165)
	at org.dog.PuppyDog.getFamilyTree(PuppyDog.java:192)
	at org.dog.PuppyDog.getFamilyTree(PuppyDog.java:192)
	at org.dog.PuppyDog.getFamilyTree(PuppyDog.java:165)
	at org.dog.PuppyDog.getFamilyTree(PuppyDog.java:192)
	at org.dog.PuppyDog.getFamilyTree(PuppyDog.java:192)
	at org.dog.PuppyDog.getFamilyTree(PuppyDog.java:165)
	at org.dog.PuppyDog.getFamilyTree(PuppyDog.java:192)
	at org.dog.PuppyDog.getFamilyTree(PuppyDog.java:192)
	at org.dog.PuppyDog.getFamilyTree(PuppyDog.java:165)
	at org.dog.PuppyDog.getFamilyTree(PuppyDog.java:192)
	at org.dog.PuppyDog.getFamilyTree(PuppyDog.java:192)
	at org.dog.PuppyDog.getFamilyTree(PuppyDog.java:165)
	at org.dog.PuppyDog.getFamilyTree(PuppyDog.java:192)
	at org.dog.PuppyDog.getFamilyTree(PuppyDog.java:192)
	at org.dog.PuppyDog.getFamilyTree(PuppyDog.java:165)
	at org.dog.PuppyDog.getFamilyTree(PuppyDog.java:192)
	at org.dog.PuppyDog.getFamilyTree(PuppyDog.java:192)
	at org.dog.PuppyDog.getFamilyTree(PuppyDog.java:165)
	at org.dog.PuppyDog.getFamilyTree(PuppyDog.java:192)
	at org.dog.PuppyDog.getFamilyTree(PuppyDog.java:192)
	at org.dog.PuppyDog.getFamilyTree(PuppyDog.java:165)
	at org.dog.PuppyDog.getFamilyTree(PuppyDog.java:192)
	at org.dog.PuppyDog.getFamilyTree(PuppyDog.java:192)
	at org.dog.PuppyDog.getFamilyTree(PuppyDog.java:165)
	at org.dog.PuppyDog.getFamilyTree(PuppyDog.java:192)
	at org.dog.PuppyDog.getFamilyTree(PuppyDog.java:192)
	at org.dog.PuppyDog.getFamilyTree(PuppyDog.java:165)
	at org.dog.PuppyDog.getFamilyTree(PuppyDog.java:192)
	at org.dog.PuppyDog.getFamilyTree(PuppyDog.java:192)
	at org.dog.PuppyDog.getFamilyTree(PuppyDog.java:165)
	at org.dog.PuppyDog.getFamilyTree(PuppyDog.java:192)
	at org.dog.PuppyDog.getFamilyTree(PuppyDog.java:192)
	at org.dog.PuppyDog.getFamilyTree(PuppyDog.java:165)
	at org.dog.PuppyDog.getFamilyTree(PuppyDog.java:192)
	at org.dog.PuppyDog.getFamilyTree(PuppyDog.java:192)
	at org.dog.PuppyDog.getFamilyTree(PuppyDog.java:165)
	at org.dog.PuppyDog.getFamilyTree(PuppyDog.java:192)
	at org.dog.PuppyDog.getFamilyTree(PuppyDog.java:192)
	at org.dog.PuppyDog.getFamilyTree(PuppyDog.java:165)
	at org.dog.PuppyDog.getFamilyTree(PuppyDog.java:192)
	at org.dog.PuppyDog.getFamilyTree(PuppyDog.java:192)
	at org.dog.PuppyDog.getFamilyTree(PuppyDog.java:165)
	at org.dog.PuppyDog.getFamilyTree(PuppyDog.java:192)
	at org.dog.PuppyDog.getFamilyTree(PuppyDog.java:192)
	at org.dog.PuppyDog.getFamilyTree(PuppyDog.java:165)
	at org.dog.PuppyDog.getFamilyTree(PuppyDog.java:192)
	at org.dog.PuppyDog.getFamilyTree(PuppyDog.java:192)
	at org.dog.PuppyDog.getFamilyTree(PuppyDog.java:165)
	at org.dog.PuppyDog.getFamilyTree(PuppyDog.java:192)
	at org.dog.PuppyDog.getFamilyTree(PuppyDog.java:192)
	at org.dog.PuppyDog.getFamilyTree(PuppyDog.java:165)
	at org.dog.PuppyDog.getFamilyTree(PuppyDog.java:192)
	at org.dog.PuppyDog.getFamilyTree(PuppyDog.java:192)
	at org.dog.PuppyDog.getFamilyTree(PuppyDog.java:165)
	at org.dog.PuppyDog.getFamilyTree(PuppyDog.java:192)
	at org.dog.PuppyDog.getFamilyTree(PuppyDog.java:192)
	at org.dog.PuppyDog.getFamilyTree(PuppyDog.java:165)
	at org.dog.PuppyDog.getFamilyTree(PuppyDog.java:192)
	at org.dog.PuppyDog.getFamilyTree(PuppyDog.java:192)
	at org.dog.PuppyDog.getFamilyTree(PuppyDog.java:165)
	at org.dog.PuppyDog.getFamilyTree(PuppyDog.java:192)
	at org.dog.PuppyDog.getFamilyTree(PuppyDog.java:192)
	at org.dog.PuppyDog.getFamilyTree(PuppyDog.java:165)
	at org.dog.PuppyDog.getFamilyTree(PuppyDog.java:192)
	at org.dog.PuppyDog.getFamilyTree(PuppyDog.java:192)
	at org.dog.PuppyDog.getFamilyTree(PuppyDog.java:165)
	at org.dog.PuppyDog.getFamilyTree(PuppyDog.java:192)
	at org.dog.PuppyDog.getFamilyTree(PuppyDog.java:192)
	at org.dog.PuppyDog.getFamilyTree(PuppyDog.java:165)
	at org.dog.PuppyDog.getFamilyTree(PuppyDog.java:192)
	at org.dog.PuppyDog.getFamilyTree(PuppyDog.java:192)
	at org.dog.PuppyDog.getFamilyTree(PuppyDog.java:165)
	at org.dog.PuppyDog.getFamilyTree(PuppyDog.java:192)
	at org.dog.PuppyDog.getFamilyTree(PuppyDog.java:192)
	at org.dog.PuppyDog.getFamilyTree(PuppyDog.java:165)
	at org.dog.PuppyDog.getFamilyTree(PuppyDog.java:192)
	at org.dog.PuppyDog.getFamilyTree(PuppyDog.java:192)
	at org.dog.PuppyDog.getFamilyTree(PuppyDog.java:165)
	at org.dog.PuppyDog.getFamilyTree(PuppyDog.java:192)
	at org.dog.PuppyDog.getFamilyTree(PuppyDog.java:192)
	at org.dog.PuppyDog.getFamilyTree(PuppyDog.java:165)
	at org.dog.PuppyDog.getFamilyTree(PuppyDog.java:192)
	at org.dog.PuppyDog.getFamilyTree(PuppyDog.java:192)
	at org.dog.PuppyDog.getFamilyTree(PuppyDog.java:165)
	at org.dog.PuppyDog.getFamilyTree(PuppyDog.java:192)
	at org.dog.PuppyDog.getFamilyTree(PuppyDog.java:192)
	at org.dog.PuppyDog.getFamilyTree(PuppyDog.java:165)
	at org.dog.PuppyDog.getFamilyTree(PuppyDog.java:192)
	at org.dog.PuppyDog.getFamilyTree(PuppyDog.java:192)
	at org.dog.PuppyDog.getFamilyTree(PuppyDog.java:165)
	at org.dog.PuppyDog.getFamilyTree(PuppyDog.java:192)
	at org.dog.PuppyDog.getFamilyTree(PuppyDog.java:192)
	at org.dog.PuppyDog.getFamilyTree(PuppyDog.java:165)
	at org.dog.PuppyDog.getFamilyTree(PuppyDog.java:192)
	at org.dog.PuppyDog.getFamilyTree(PuppyDog.java:192)
	at org.dog.PuppyDog.getFamilyTree(PuppyDog.java:165)
	at org.dog.PuppyDog.getFamilyTree(PuppyDog.java:192)
	at org.dog.PuppyDog.getFamilyTree(PuppyDog.java:192)
	at org.dog.PuppyDog.getFamilyTree(PuppyDog.java:165)
	at org.dog.PuppyDog.getFamilyTree(PuppyDog.java:192)
	at org.dog.PuppyDog.getFamilyTree(PuppyDog.java:192)
	at org.dog.PuppyDog.getFamilyTree(PuppyDog.java:165)
	at org.dog.PuppyDog.getFamilyTree(PuppyDog.java:192)
	at org.dog.PuppyDog.getFamilyTree(PuppyDog.java:192)
	at org.dog.PuppyDog.getFamilyTree(PuppyDog.java:165)
	at org.dog.PuppyDog.getFamilyTree(PuppyDog.java:192)
	at org.dog.PuppyDog.getFamilyTree(PuppyDog.java:192)
	at org.dog.PuppyDog.getFamilyTree(PuppyDog.java:165)
	at org.dog.PuppyDog.getFamilyTree(PuppyDog.java:192)
	at org.dog.PuppyDog.getFamilyTree(PuppyDog.java:192)
	at org.dog.PuppyDog.getFamilyTree(PuppyDog.java:165)
	at org.dog.PuppyDog.getFamilyTree(PuppyDog.java:192)
	at org.dog.PuppyDog.getFamilyTree(PuppyDog.java:192)
	at org.dog.PuppyDog.getFamilyTree(PuppyDog.java:165)
	at org.dog.PuppyDog.getFamilyTree(PuppyDog.java:192)
	at org.dog.PuppyDog.getFamilyTree(PuppyDog.java:192)
	at org.dog.PuppyDog.getFamilyTree(PuppyDog.java:165)
	at org.dog.PuppyDog.getFamilyTree(PuppyDog.java:192)
	at org.dog.PuppyDog.getFamilyTree(PuppyDog.java:192)
	at org.dog.PuppyDog.getFamilyTree(PuppyDog.java:165)
	at org.dog.PuppyDog.getFamilyTree(PuppyDog.java:192)
	at org.dog.PuppyDog.getFamilyTree(PuppyDog.java:192)
	at org.dog.PuppyDog.getFamilyTree(PuppyDog.java:165)
	at org.dog.PuppyDog.getFamilyTree(PuppyDog.java:192)
	at org.dog.PuppyDog.getFamilyTree(PuppyDog.java:192)
	at org.dog.PuppyDog.getFamilyTree(PuppyDog.java:165)
	at org.dog.PuppyDog.getFamilyTree(PuppyDog.java:192)
	at org.dog.PuppyDog.getFamilyTree(PuppyDog.java:192)
	at org.dog.PuppyDog.getFamilyTree(PuppyDog.java:165)
	at org.dog.PuppyDog.getFamilyTree(PuppyDog.java:192)
	at org.dog.PuppyDog.getFamilyTree(PuppyDog.java:192)
	at org.dog.PuppyDog.getFamilyTree(PuppyDog.java:165)
	at org.dog.PuppyDog.getFamilyTree(PuppyDog.java:192)
	at org.dog.PuppyDog.getFamilyTree(PuppyDog.java:192)
	at org.dog.PuppyDog.getFamilyTree(PuppyDog.java:165)
	at org.dog.PuppyDog.getFamilyTree(PuppyDog.java:192)
	at org.dog.PuppyDog.getFamilyTree(PuppyDog.java:192)
	at org.dog.PuppyDog.getFamilyTree(PuppyDog.java:165)
	at org.dog.PuppyDog.getFamilyTree(PuppyDog.java:192)
	at org.dog.PuppyDog.getFamilyTree(PuppyDog.java:192)
	at org.dog.PuppyDog.getFamilyTree(PuppyDog.java:165)
	at org.dog.PuppyDog.getFamilyTree(PuppyDog.java:192)
	at org.dog.PuppyDog.getFamilyTree(PuppyDog.java:192)
	at org.dog.PuppyDog.getFamilyTree(PuppyDog.java:165)
	at org.dog.PuppyDog.getFamilyTree(PuppyDog.java:192)
	at org.dog.PuppyDog.getFamilyTree(PuppyDog.java:192)
	at org.dog.PuppyDog.getFamilyTree(PuppyDog.java:165)
	at org.dog.PuppyDog.getFamilyTree(PuppyDog.java:192)
	at org.dog.PuppyDog.getFamilyTree(PuppyDog.java:192)
	at org.dog.PuppyDog.getFamilyTree(PuppyDog.java:165)
	at org.dog.PuppyDog.getFamilyTree(PuppyDog.java:192)
	at org.dog.PuppyDog.getFamilyTree(PuppyDog.java:192)
	at org.dog.PuppyDog.getFamilyTree(PuppyDog.java:165)
	at org.dog.PuppyDog.getFamilyTree(PuppyDog.java:192)
	at org.dog.PuppyDog.getFamilyTree(PuppyDog.java:192)
	at org.dog.PuppyDog.getFamilyTree(PuppyDog.java:165)
	at org.dog.PuppyDog.getFamilyTree(PuppyDog.java:192)
	at org.dog.PuppyDog.getFamilyTree(PuppyDog.java:192)
	at org.dog.PuppyDog.getFamilyTree(PuppyDog.java:165)
	at org.dog.PuppyDog.getFamilyTree(PuppyDog.java:192)
	at org.dog.PuppyDog.getFamilyTree(PuppyDog.java:192)
	at org.dog.PuppyDog.getFamilyTree(PuppyDog.java:165)
	at org.dog.PuppyDog.getFamilyTree(PuppyDog.java:192)
	at org.dog.PuppyDog.getFamilyTree(PuppyDog.java:192)
	at org.dog.PuppyDog.getFamilyTree(PuppyDog.java:165)
	at org.dog.PuppyDog.getFamilyTree(PuppyDog.java:192)
	at org.dog.PuppyDog.getFamilyTree(PuppyDog.java:192)
	at org.dog.PuppyDog.getFamilyTree(PuppyDog.java:165)
	at org.dog.PuppyDog.getFamilyTree(PuppyDog.java:192)
	at org.dog.PuppyDog.getFamilyTree(PuppyDog.java:192)
	at org.dog.PuppyDog.getFamilyTree(PuppyDog.java:165)
	at org.dog.PuppyDog.getFamilyTree(PuppyDog.java:192)
	at org.dog.PuppyDog.getFamilyTree(PuppyDog.java:192)
	at org.dog.PuppyDog.getFamilyTree(PuppyDog.java:165)
	at org.dog.PuppyDog.getFamilyTree(PuppyDog.java:192)
	at org.dog.PuppyDog.getFamilyTree(PuppyDog.java:192)
	at org.dog.PuppyDog.getFamilyTree(PuppyDog.java:165)
	at org.dog.PuppyDog.getFamilyTree(PuppyDog.java:192)
	at org.dog.PuppyDog.getFamilyTree(PuppyDog.java:192)
	at org.dog.PuppyDog.getFamilyTree(PuppyDog.java:165)
	at org.dog.PuppyDog.getFamilyTree(PuppyDog.java:192)
	at org.dog.PuppyDog.getFamilyTree(PuppyDog.java:192)
	at org.dog.PuppyDog.getFamilyTree(PuppyDog.java:165)
	at org.dog.PuppyDog.getFamilyTree(PuppyDog.java:192)
	at org.dog.PuppyDog.getFamilyTree(PuppyDog.java:192)
	at org.dog.PuppyDog.getFamilyTree(PuppyDog.java:165)
	at org.dog.PuppyDog.getFamilyTree(PuppyDog.java:192)
	at org.dog.PuppyDog.getFamilyTree(PuppyDog.java:192)
	at org.dog.PuppyDog.getFamilyTree(PuppyDog.java:165)
	at org.dog.PuppyDog.getFamilyTree(PuppyDog.java:192)
	at org.dog.PuppyDog.getFamilyTree(PuppyDog.java:192)
	at org.dog.PuppyDog.getFamilyTree(PuppyDog.java:165)
	at org.dog.PuppyDog.getFamilyTree(PuppyDog.java:192)
	at org.dog.PuppyDog.getFamilyTree(PuppyDog.java:192)
	at org.dog.PuppyDog.getFamilyTree(PuppyDog.java:165)
	at org.dog.PuppyDog.getFamilyTree(PuppyDog.java:192)
	at org.dog.PuppyDog.getFamilyTree(PuppyDog.java:192)
	at org.dog.PuppyDog.getFamilyTree(PuppyDog.java:165)
	at org.dog.PuppyDog.getFamilyTree(PuppyDog.java:192)
	at org.dog.PuppyDog.getFamilyTree(PuppyDog.java:192)
	at org.dog.PuppyDog.getFamilyTree(PuppyDog.java:165)
	at org.dog.PuppyDog.getFamilyTree(PuppyDog.java:192)
	at org.dog.PuppyDog.getFamilyTree(PuppyDog.java:192)
	at org.dog.PuppyDog.getFamilyTree(PuppyDog.java:165)
	at org.dog.PuppyDog.getFamilyTree(PuppyDog.java:192)
	at org.dog.PuppyDog.getFamilyTree(PuppyDog.java:192)
	at org.dog.PuppyDog.getFamilyTree(PuppyDog.java:165)
	at org.dog.PuppyDog.getFamilyTree(PuppyDog.java:192)
	at org.dog.PuppyDog.getFamilyTree(PuppyDog.java:192)
	at org.dog.PuppyDog.getFamilyTree(PuppyDog.java:165)
	at org.dog.PuppyDog.getFamilyTree(PuppyDog.java:192)
	at org.dog.PuppyDog.getFamilyTree(PuppyDog.java:192)
	at org.dog.PuppyDog.getFamilyTree(PuppyDog.java:165)
	at org.dog.PuppyDog.getFamilyTree(PuppyDog.java:192)
	at org.dog.PuppyDog.getFamilyTree(PuppyDog.java:192)
	at org.dog.PuppyDog.getFamilyTree(PuppyDog.java:165)
	at org.dog.PuppyDog.getFamilyTree(PuppyDog.java:192)
	at org.dog.PuppyDog.getFamilyTree(PuppyDog.java:192)
	at org.dog.PuppyDog.getFamilyTree(PuppyDog.java:165)
	at org.dog.PuppyDog.getFamilyTree(PuppyDog.java:192)
	at org.dog.PuppyDog.getFamilyTree(PuppyDog.java:192)
	at org.dog.PuppyDog.getFamilyTree(PuppyDog.java:165)
	at org.dog.PuppyDog.getFamilyTree(PuppyDog.java:192)
	at org.dog.PuppyDog.getFamilyTree(PuppyDog.java:192)
	at org.dog.PuppyDog.getFamilyTree(PuppyDog.java:165)
	at org.dog.PuppyDog.getFamilyTree(PuppyDog.java:192)
	at org.dog.PuppyDog.getFamilyTree(PuppyDog.java:192)
	at org.dog.PuppyDog.getFamilyTree(PuppyDog.java:165)
	at org.dog.PuppyDog.getFamilyTree(PuppyDog.java:192)
	at org.dog.PuppyDog.getFamilyTree(PuppyDog.java:192)
	at org.dog.PuppyDog.getFamilyTree(PuppyDog.java:165)
	at org.dog.PuppyDog.getFamilyTree(PuppyDog.java:192)
	at org.dog.PuppyDog.getFamilyTree(PuppyDog.java:192)
	at org.dog.PuppyDog.getFamilyTree(PuppyDog.java:165)
	at org.dog.PuppyDog.getFamilyTree(PuppyDog.java:192)
	at org.dog.PuppyDog.getFamilyTree(PuppyDog.java:192)
	at org.dog.PuppyDog.getFamilyTree(PuppyDog.java:165)
	at org.dog.PuppyDog.getFamilyTree(PuppyDog.java:192)
	at org.dog.PuppyDog.getFamilyTree(PuppyDog.java:192)
	at org.dog.PuppyDog.getFamilyTree(PuppyDog.java:165)
	at org.dog.PuppyDog.getFamilyTree(PuppyDog.java:192)
	at org.dog.PuppyDog.getFamilyTree(PuppyDog.java:192)
	at org.dog.PuppyDog.getFamilyTree(PuppyDog.java:165)
	at org.dog.PuppyDog.getFamilyTree(PuppyDog.java:192)
	at org.dog.PuppyDog.getFamilyTree(PuppyDog.java:192)
	at org.dog.PuppyDog.getFamilyTree(PuppyDog.java:165)
	at org.dog.PuppyDog.getFamilyTree(PuppyDog.java:192)
	at org.dog.PuppyDog.getFamilyTree(PuppyDog.java:192)
	at org.dog.PuppyDog.getFamilyTree(PuppyDog.java:165)
	at org.dog.PuppyDog.getFamilyTree(PuppyDog.java:192)
	at org.dog.PuppyDog.getFamilyTree(PuppyDog.java:192)
	at org.dog.PuppyDog.getFamilyTree(PuppyDog.java:165)
	at org.dog.PuppyDog.getFamilyTree(PuppyDog.java:192)
	at org.dog.PuppyDog.getFamilyTree(PuppyDog.java:192)
	at org.dog.PuppyDog.getFamilyTree(PuppyDog.java:165)
	at org.dog.PuppyDog.getFamilyTree(PuppyDog.java:192)
	at org.dog.PuppyDog.getFamilyTree(PuppyDog.java:192)
	at org.dog.PuppyDog.getFamilyTree(PuppyDog.java:165)
	at org.dog.PuppyDog.getFamilyTree(PuppyDog.java:192)
	at org.dog.PuppyDog.getFamilyTree(PuppyDog.java:192)
	at org.dog.PuppyDog.getFamilyTree(PuppyDog.java:165)
	at org.dog.PuppyDog.getFamilyTree(PuppyDog.java:192)
	at org.dog.PuppyDog.getFamilyTree(PuppyDog.java:192)
	at org.dog.PuppyDog.getFamilyTree(PuppyDog.java:165)
	at org.dog.PuppyDog.getFamilyTree(PuppyDog.java:192)
	at org.dog.PuppyDog.getFamilyTree(PuppyDog.java:192)
	at org.dog.PuppyDog.getFamilyTree(PuppyDog.java:165)
	at org.dog.PuppyDog.getFamilyTree(PuppyDog.java:192)
	at org.dog.PuppyDog.getFamilyTree(PuppyDog.java:192)
	at org.dog.PuppyDog.getFamilyTree(PuppyDog.java:165)
	at org.dog.PuppyDog.getFamilyTree(PuppyDog.java:192)
	at org.dog.PuppyDog.getFamilyTree(PuppyDog.java:192)
	at org.dog.PuppyDog.getFamilyTree(PuppyDog.java:165)
	at org.dog.PuppyDog.getFamilyTree(PuppyDog.java:192)
	at org.dog.PuppyDog.getFamilyTree(PuppyDog.java:192)
	at org.dog.PuppyDog.getFamilyTree(PuppyDog.java:165)
	at org.dog.PuppyDog.getFamilyTree(PuppyDog.java:192)
	at org.dog.PuppyDog.getFamilyTree(PuppyDog.java:192)
	at org.dog.PuppyDog.getFamilyTree(PuppyDog.java:165)
	at org.dog.PuppyDog.getFamilyTree(PuppyDog.java:192)
	at org.dog.PuppyDog.getFamilyTree(PuppyDog.java:192)
	at org.dog.PuppyDog.getFamilyTree(PuppyDog.java:165)
	at org.dog.PuppyDog.getFamilyTree(PuppyDog.java:192)
	at org.dog.PuppyDog.getFamilyTree(PuppyDog.java:192)
	at org.dog.PuppyDog.getFamilyTree(PuppyDog.java:165)
	at org.dog.PuppyDog.getFamilyTree(PuppyDog.java:192)
	at org.dog.PuppyDog.getFamilyTree(PuppyDog.java:192)
	at org.dog.PuppyDog.getFamilyTree(PuppyDog.java:165)
	at org.dog.PuppyDog.getFamilyTree(PuppyDog.java:192)
	at org.dog.PuppyDog.getFamilyTree(PuppyDog.java:192)
	at org.dog.PuppyDog.getFamilyTree(PuppyDog.java:165)
	at org.dog.PuppyDog.getFamilyTree(PuppyDog.java:192)
	at org.dog.PuppyDog.getFamilyTree(PuppyDog.java:192)
	at org.dog.PuppyDog.getFamilyTree(PuppyDog.java:165)
	at org.dog.PuppyDog.getFamilyTree(PuppyDog.java:192)
	at org.dog.PuppyDog.getFamilyTree(PuppyDog.java:192)
	at org.dog.PuppyDog.getFamilyTree(PuppyDog.java:165)
	at org.dog.PuppyDog.getFamilyTree(PuppyDog.java:192)
	at org.dog.PuppyDog.getFamilyTree(PuppyDog.java:192)
	at org.dog.PuppyDog.getFamilyTree(PuppyDog.java:165)
	at org.dog.PuppyDog.getFamilyTree(PuppyDog.java:192)
	at org.dog.PuppyDog.getFamilyTree(PuppyDog.java:192)
	at org.dog.PuppyDog.getFamilyTree(PuppyDog.java:165)
	at org.dog.PuppyDog.getFamilyTree(PuppyDog.java:192)
	at org.dog.PuppyDog.getFamilyTree(PuppyDog.java:192)
	at org.dog.PuppyDog.getFamilyTree(PuppyDog.java:165)
	at org.dog.PuppyDog.getFamilyTree(PuppyDog.java:192)
	at org.dog.PuppyDog.getFamilyTree(PuppyDog.java:192)
	at org.dog.PuppyDog.getFamilyTree(PuppyDog.java:165)
	at org.dog.PuppyDog.getFamilyTree(PuppyDog.java:192)
	at org.dog.PuppyDog.getFamilyTree(PuppyDog.java:192)
	at org.dog.PuppyDog.getFamilyTree(PuppyDog.java:165)
	at org.dog.PuppyDog.getFamilyTree(PuppyDog.java:192)
	at org.dog.PuppyDog.getFamilyTree(PuppyDog.java:192)
	at org.dog.PuppyDog.getFamilyTree(PuppyDog.java:165)
	at org.dog.PuppyDog.getFamilyTree(PuppyDog.java:192)
	at org.dog.PuppyDog.getFamilyTree(PuppyDog.java:192)
	at org.dog.PuppyDog.getFamilyTree(PuppyDog.java:165)
	at org.dog.PuppyDog.getFamilyTree(PuppyDog.java:192)
	at org.dog.PuppyDog.getFamilyTree(PuppyDog.java:192)
	at org.dog.PuppyDog.getFamilyTree(PuppyDog.java:165)
	at org.dog.PuppyDog.getFamilyTree(PuppyDog.java:192)
	at org.dog.PuppyDog.getFamilyTree(PuppyDog.java:192)
	at org.dog.PuppyDog.getFamilyTree(PuppyDog.java:165)
	at org.dog.PuppyDog.getFamilyTree(PuppyDog.java:192)
	at org.dog.PuppyDog.getFamilyTree(PuppyDog.java:192)
	at org.dog.PuppyDog.getFamilyTree(PuppyDog.java:165)
	at org.dog.PuppyDog.getFamilyTree(PuppyDog.java:192)
	at org.dog.PuppyDog.getFamilyTree(PuppyDog.java:192)
	at org.dog.PuppyDog.getFamilyTree(PuppyDog.java:165)
	at org.dog.PuppyDog.getFamilyTree(PuppyDog.java:192)
	at org.dog.PuppyDog.getFamilyTree(PuppyDog.java:192)
	at org.dog.PuppyDog.getFamilyTree(PuppyDog.java:165)
	at org.dog.PuppyDog.getFamilyTree(PuppyDog.java:192)
	at org.dog.PuppyDog.getFamilyTree(PuppyDog.java:192)
	at org.dog.PuppyDog.getFamilyTree(PuppyDog.java:165)
	at org.dog.PuppyDog.getFamilyTree(PuppyDog.java:192)
	at org.dog.PuppyDog.getFamilyTree(PuppyDog.java:192)
	at org.dog.PuppyDog.getFamilyTree(PuppyDog.java:165)
	at org.dog.PuppyDog.getFamilyTree(PuppyDog.java:192)
	at org.dog.PuppyDog.getFamilyTree(PuppyDog.java:192)
	at org.dog.PuppyDog.getFamilyTree(PuppyDog.java:165)
	at org.dog.PuppyDog.getFamilyTree(PuppyDog.java:192)
	at org.dog.PuppyDog.getFamilyTree(PuppyDog.java:192)
	at org.dog.PuppyDog.getFamilyTree(PuppyDog.java:165)
	at org.dog.PuppyDog.getFamilyTree(PuppyDog.java:192)
	at org.dog.PuppyDog.getFamilyTree(PuppyDog.java:192)
	at org.dog.PuppyDog.getFamilyTree(PuppyDog.java:165)
	at org.dog.PuppyDog.getFamilyTree(PuppyDog.java:192)
	at org.dog.PuppyDog.getFamilyTree(PuppyDog.java:192)
	at org.dog.PuppyDog.getFamilyTree(PuppyDog.java:165)
	at org.dog.PuppyDog.getFamilyTree(PuppyDog.java:192)
	at org.dog.PuppyDog.getFamilyTree(PuppyDog.java:192)
	at org.dog.PuppyDog.getFamilyTree(PuppyDog.java:165)
	at org.dog.PuppyDog.getFamilyTree(PuppyDog.java:192)
	at org.dog.PuppyDog.getFamilyTree(PuppyDog.java:192)
	at org.dog.PuppyDog.getFamilyTree(PuppyDog.java:165)
	at org.dog.PuppyDog.getFamilyTree(PuppyDog.java:192)
	at org.dog.PuppyDog.getFamilyTree(PuppyDog.java:192)
	at org.dog.PuppyDog.getFamilyTree(PuppyDog.java:165)
	at org.dog.PuppyDog.getFamilyTree(PuppyDog.java:192)
	at org.dog.PuppyDog.getFamilyTree(PuppyDog.java:192)
	at org.dog.PuppyDog.getFamilyTree(PuppyDog.java:165)
	at org.dog.PuppyDog.getFamilyTree(PuppyDog.java:192)
	at org.dog.PuppyDog.getFamilyTree(PuppyDog.java:192)
	at org.dog.PuppyDog.getFamilyTree(PuppyDog.java:165)
	at org.dog.PuppyDog.getFamilyTree(PuppyDog.java:192)
	at org.dog.PuppyDog.getFamilyTree(PuppyDog.java:192)
	at org.dog.PuppyDog.getFamilyTree(PuppyDog.java:165)
	at org.dog.PuppyDog.getFamilyTree(PuppyDog.java:192)
	at org.dog.PuppyDog.getFamilyTree(PuppyDog.java:192)
	at org.dog.PuppyDog.getFamilyTree(PuppyDog.java:165)
	at org.dog.PuppyDog.getFamilyTree(PuppyDog.java:192)
	at org.dog.PuppyDog.getFamilyTree(PuppyDog.java:192)
	at org.dog.PuppyDog.getFamilyTree(PuppyDog.java:165)
	at org.dog.PuppyDog.getFamilyTree(PuppyDog.java:192)
	at org.dog.PuppyDog.getFamilyTree(PuppyDog.java:192)
	at org.dog.PuppyDog.getFamilyTree(PuppyDog.java:165)
	at org.dog.PuppyDog.getFamilyTree(PuppyDog.java:192)
	at org.dog.PuppyDog.getFamilyTree(PuppyDog.java:192)
	at org.dog.PuppyDog.getFamilyTree(PuppyDog.java:165)
	at org.dog.PuppyDog.getFamilyTree(PuppyDog.java:192)
	at org.dog.PuppyDog.getFamilyTree(PuppyDog.java:192)
	at org.dog.PuppyDog.getFamilyTree(PuppyDog.java:165)
	at org.dog.PuppyDog.getFamilyTree(PuppyDog.java:192)
	at org.dog.PuppyDog.getFamilyTree(PuppyDog.java:192)
	at org.dog.PuppyDog.getFamilyTree(PuppyDog.java:165)
	at org.dog.PuppyDog.getFamilyTree(PuppyDog.java:192)
	at org.dog.PuppyDog.getFamilyTree(PuppyDog.java:192)
	at org.dog.PuppyDog.getFamilyTree(PuppyDog.java:165)
	at org.dog.PuppyDog.getFamilyTree(PuppyDog.java:192)
	at org.dog.PuppyDog.getFamilyTree(PuppyDog.java:192)
	at org.dog.PuppyDog.getFamilyTree(PuppyDog.java:165)
	at org.dog.PuppyDog.getFamilyTree(PuppyDog.java:192)
	at org.dog.PuppyDog.getFamilyTree(PuppyDog.java:192)
	at org.dog.PuppyDog.getFamilyTree(PuppyDog.java:165)
	at org.dog.PuppyDog.getFamilyTree(PuppyDog.java:192)
	at org.dog.PuppyDog.getFamilyTree(PuppyDog.java:192)
	at org.dog.PuppyDog.getFamilyTree(PuppyDog.java:165)
	at org.dog.PuppyDog.getFamilyTree(PuppyDog.java:192)
	at org.dog.PuppyDog.getFamilyTree(PuppyDog.java:192)
	at org.dog.PuppyDog.getFamilyTree(PuppyDog.java:165)
	at org.dog.PuppyDog.getFamilyTree(PuppyDog.java:192)
	at org.dog.PuppyDog.getFamilyTree(PuppyDog.java:192)
	at org.dog.PuppyDog.getFamilyTree(PuppyDog.java:165)
	at org.dog.PuppyDog.getFamilyTree(PuppyDog.java:192)
	at org.dog.PuppyDog.getFamilyTree(PuppyDog.java:192)
	at org.dog.PuppyDog.getFamilyTree(PuppyDog.java:165)
	at org.dog.PuppyDog.getFamilyTree(PuppyDog.java:192)
	at org.dog.PuppyDog.getFamilyTree(PuppyDog.java:192)
	at org.dog.PuppyDog.getFamilyTree(PuppyDog.java:165)
	at org.dog.PuppyDog.getFamilyTree(PuppyDog.java:192)
	at org.dog.PuppyDog.getFamilyTree(PuppyDog.java:192)
	at org.dog.PuppyDog.getFamilyTree(PuppyDog.java:165)
	at org.dog.PuppyDog.getFamilyTree(PuppyDog.java:192)
	at org.dog.PuppyDog.getFamilyTree(PuppyDog.java:192)
	at org.dog.PuppyDog.getFamilyTree(PuppyDog.java:165)
	at org.dog.PuppyDog.getFamilyTree(PuppyDog.java:192)
	at org.dog.PuppyDog.getFamilyTree(PuppyDog.java:192)
	at org.dog.PuppyDog.getFamilyTree(PuppyDog.java:165)
	at org.dog.PuppyDog.getFamilyTree(PuppyDog.java:192)
	at org.dog.PuppyDog.getFamilyTree(PuppyDog.java:192)
	at org.dog.PuppyDog.getFamilyTree(PuppyDog.java:165)
	at org.dog.PuppyDog.getFamilyTree(PuppyDog.java:192)
	at org.dog.PuppyDog.getFamilyTree(PuppyDog.java:192)
	at org.dog.PuppyDog.getFamilyTree(PuppyDog.java:165)
	at org.dog.PuppyDog.getFamilyTree(PuppyDog.java:192)
	at org.dog.PuppyDog.getFamilyTree(PuppyDog.java:192)
	at org.dog.PuppyDog.getFamilyTree(PuppyDog.java:165)
	at org.dog.PuppyDog.getFamilyTree(PuppyDog.java:192)
	at org.dog.PuppyDog.getFamilyTree(PuppyDog.java:192)
	at org.dog.PuppyDog.getFamilyTree(PuppyDog.java:165)
	at org.dog.PuppyDog.getFamilyTree(PuppyDog.java:192)
	at org.dog.PuppyDog.getFamilyTree(PuppyDog.java:192)
	at org.dog.PuppyDog.getFamilyTree(PuppyDog.java:165)
	at org.dog.PuppyDog.getFamilyTree(PuppyDog.java:192)
	at org.dog.PuppyDog.getFamilyTree(PuppyDog.java:192)
	at org.dog.PuppyDog.getFamilyTree(PuppyDog.java:165)
	at org.dog.PuppyDog.getFamilyTree(PuppyDog.java:192)
	at org.dog.PuppyDog.getFamilyTree(PuppyDog.java:192)
	at org.dog.PuppyDog.getFamilyTree(PuppyDog.java:165)
	at org.dog.PuppyDog.getFamilyTree(PuppyDog.java:192)
	at org.dog.PuppyDog.getFamilyTree(PuppyDog.java:192)
	at org.dog.PuppyDog.getFamilyTree(PuppyDog.java:165)
	at org.dog.PuppyDog.getFamilyTree(PuppyDog.java:192)
	at org.dog.PuppyDog.getFamilyTree(PuppyDog.java:192)
	at org.dog.PuppyDog.getFamilyTree(PuppyDog.java:165)
	at org.dog.PuppyDog.getFamilyTree(PuppyDog.java:192)
	at org.dog.PuppyDog.getFamilyTree(PuppyDog.java:192)
	at org.dog.PuppyDog.getFamilyTree(PuppyDog.java:165)
	at org.dog.PuppyDog.getFamilyTree(PuppyDog.java:192)
	at org.dog.PuppyDog.getFamilyTree(PuppyDog.java:192)
	at org.dog.PuppyDog.getFamilyTree(PuppyDog.java:165)
	at org.dog.PuppyDog.getFamilyTree(PuppyDog.java:192)
	at org.dog.PuppyDog.getFamilyTree(PuppyDog.java:192)
	at org.dog.PuppyDog.getFamilyTree(PuppyDog.java:165)
	at org.dog.PuppyDog.getFamilyTree(PuppyDog.java:192)
	at org.dog.PuppyDog.getFamilyTree(PuppyDog.java:192)
	at org.dog.PuppyDog.getFamilyTree(PuppyDog.java:165)
	at org.dog.PuppyDog.getFamilyTree(PuppyDog.java:192)
	at org.dog.PuppyDog.getFamilyTree(PuppyDog.java:192)
	at org.dog.PuppyDog.getFamilyTree(PuppyDog.java:165)
	at org.dog.PuppyDog.getFamilyTree(PuppyDog.java:192)
	at org.dog.PuppyDog.getFamilyTree(PuppyDog.java:192)
	at org.dog.PuppyDog.getFamilyTree(PuppyDog.java:165)
	at org.dog.PuppyDog.getFamilyTree(PuppyDog.java:192)
	at org.dog.PuppyDog.getFamilyTree(PuppyDog.java:192)
	at org.dog.PuppyDog.getFamilyTree(PuppyDog.java:165)
	at org.dog.PuppyDog.getFamilyTree(PuppyDog.java:192)
	at org.dog.PuppyDog.getFamilyTree(PuppyDog.java:192)
	at org.dog.PuppyDog.getFamilyTree(PuppyDog.java:165)
	at org.dog.PuppyDog.getFamilyTree(PuppyDog.java:192)
	at org.dog.PuppyDog.getFamilyTree(PuppyDog.java:192)
	at org.dog.PuppyDog.getFamilyTree(PuppyDog.java:165)
	at org.dog.PuppyDog.getFamilyTree(PuppyDog.java:192)
	at org.dog.PuppyDog.getFamilyTree(PuppyDog.java:192)
	at org.dog.PuppyDog.getFamilyTree(PuppyDog.java:165)
	at org.dog.PuppyDog.getFamilyTree(PuppyDog.java:192)
	at org.dog.PuppyDog.getFamilyTree(PuppyDog.java:192)
	at org.dog.PuppyDog.getFamilyTree(PuppyDog.java:165)
	at org.dog.PuppyDog.getFamilyTree(PuppyDog.java:192)
	at org.dog.PuppyDog.getFamilyTree(PuppyDog.java:192)
	at org.dog.PuppyDog.getFamilyTree(PuppyDog.java:165)
	at org.dog.PuppyDog.getFamilyTree(PuppyDog.java:192)
	at org.dog.PuppyDog.getFamilyTree(PuppyDog.java:192)
	at org.dog.PuppyDog.getFamilyTree(PuppyDog.java:165)
	at org.dog.PuppyDog.getFamilyTree(PuppyDog.java:192)
	at org.dog.PuppyDog.getFamilyTree(PuppyDog.java:192)
	at org.dog.PuppyDog.getFamilyTree(PuppyDog.java:165)
	at org.dog.PuppyDog.getFamilyTree(PuppyDog.java:192)
	at org.dog.PuppyDog.getFamilyTree(PuppyDog.java:192)
	at org.dog.PuppyDog.getFamilyTree(PuppyDog.java:165)
	at org.dog.PuppyDog.getFamilyTree(PuppyDog.java:192)
	at org.dog.PuppyDog.getFamilyTree(PuppyDog.java:192)
	at org.dog.PuppyDog.getFamilyTree(PuppyDog.java:165)
	at org.dog.PuppyDog.getFamilyTree(PuppyDog.java:192)
	at org.dog.PuppyDog.getFamilyTree(PuppyDog.java:192)
	at org.dog.PuppyDog.getFamilyTree(PuppyDog.java:165)
	at org.dog.PuppyDog.getFamilyTree(PuppyDog.java:192)
	at org.dog.PuppyDog.getFamilyTree(PuppyDog.java:192)
	at org.dog.PuppyDog.getFamilyTree(PuppyDog.java:165)
	at org.dog.PuppyDog.getFamilyTree(PuppyDog.java:192)
	at org.dog.PuppyDog.getFamilyTree(PuppyDog.java:192)
	at org.dog.PuppyDog.getFamilyTree(PuppyDog.java:165)
	at org.dog.PuppyDog.getFamilyTree(PuppyDog.java:192)
	at org.dog.PuppyDog.getFamilyTree(PuppyDog.java:192)
	at org.dog.PuppyDog.getFamilyTree(PuppyDog.java:165)
	at org.dog.PuppyDog.getFamilyTree(PuppyDog.java:192)
	at org.dog.PuppyDog.getFamilyTree(PuppyDog.java:192)
	at org.dog.PuppyDog.getFamilyTree(PuppyDog.java:165)
	at org.dog.PuppyDog.getFamilyTree(PuppyDog.java:192)
	at org.dog.PuppyDog.getFamilyTree(PuppyDog.java:192)
	at org.dog.PuppyDog.getFamilyTree(PuppyDog.java:165)
	at org.dog.PuppyDog.getFamilyTree(PuppyDog.java:192)
	at org.dog.PuppyDog.getFamilyTree(PuppyDog.java:192)
	at org.dog.PuppyDog.getFamilyTree(PuppyDog.java:165)
	at org.dog.PuppyDog.getFamilyTree(PuppyDog.java:192)
	at org.dog.PuppyDog.getFamilyTree(PuppyDog.java:192)
	at org.dog.PuppyDog.getFamilyTree(PuppyDog.java:165)
	at org.dog.PuppyDog.getFamilyTree(PuppyDog.java:192)
	at org.dog.PuppyDog.getFamilyTree(PuppyDog.java:192)
	at org.dog.PuppyDog.getFamilyTree(PuppyDog.java:165)
	at org.dog.PuppyDog.getFamilyTree(PuppyDog.java:192)
	at org.dog.PuppyDog.getFamilyTree(PuppyDog.java:192)
	at org.dog.PuppyDog.getFamilyTree(PuppyDog.java:165)
	at org.dog.PuppyDog.getFamilyTree(PuppyDog.java:192)
	at org.dog.PuppyDog.getFamilyTree(PuppyDog.java:192)
	at org.dog.PuppyDog.getFamilyTree(PuppyDog.java:165)
	at org.dog.PuppyDog.getFamilyTree(PuppyDog.java:192)
	at org.dog.PuppyDog.getFamilyTree(PuppyDog.java:192)
	at org.dog.PuppyDog.getFamilyTree(PuppyDog.java:165)
	at org.dog.PuppyDog.getFamilyTree(PuppyDog.java:192)
	at org.dog.PuppyDog.getFamilyTree(PuppyDog.java:192)
	at org.dog.PuppyDog.getFamilyTree(PuppyDog.java:165)
	at org.dog.PuppyDog.getFamilyTree(PuppyDog.java:192)
	at org.dog.PuppyDog.getFamilyTree(PuppyDog.java:192)
	at org.dog.PuppyDog.getFamilyTree(PuppyDog.java:165)
	at org.dog.PuppyDog.getFamilyTree(PuppyDog.java:192)
	at org.dog.PuppyDog.getFamilyTree(PuppyDog.java:192)
	at org.dog.PuppyDog.getFamilyTree(PuppyDog.java:165)
	at org.dog.PuppyDog.getFamilyTree(PuppyDog.java:192)
	at org.dog.PuppyDog.getFamilyTree(PuppyDog.java:192)
	at org.dog.PuppyDog.getFamilyTree(PuppyDog.java:165)
	at org.dog.PuppyDog.getFamilyTree(PuppyDog.java:192)
	at org.dog.PuppyDog.getFamilyTree(PuppyDog.java:192)
	at org.dog.PuppyDog.getFamilyTree(PuppyDog.java:165)
	at org.dog.PuppyDog.getFamilyTree(PuppyDog.java:192)
	at org.dog.PuppyDog.getFamilyTree(PuppyDog.java:192)
	at org.dog.PuppyDog.getFamilyTree(PuppyDog.java:165)
	at org.dog.PuppyDog.getFamilyTree(PuppyDog.java:192)
	at org.dog.PuppyDog.getFamilyTree(PuppyDog.java:192)
	at org.dog.PuppyDog.getFamilyTree(PuppyDog.java:165)
	at org.dog.PuppyDog.getFamilyTree(PuppyDog.java:192)
	at org.dog.PuppyDog.getFamilyTree(PuppyDog.java:192)
	at org.dog.PuppyDog.getFamilyTree(PuppyDog.java:165)
	at org.dog.PuppyDog.getFamilyTree(PuppyDog.java:192)
	at org.dog.PuppyDog.getFamilyTree(PuppyDog.java:192)
	at org.dog.PuppyDog.getFamilyTree(PuppyDog.java:165)
	at org.dog.PuppyDog.getFamilyTree(PuppyDog.java:192)
	at org.dog.PuppyDog.getFamilyTree(PuppyDog.java:192)
	at org.dog.PuppyDog.getFamilyTree(PuppyDog.java:165)
	at org.dog.PuppyDog.getFamilyTree(PuppyDog.java:192)
	at org.dog.PuppyDog.getFamilyTree(PuppyDog.java:192)
	at org.dog.PuppyDog.getFamilyTree(PuppyDog.java:165)
	at org.dog.PuppyDog.getFamilyTree(PuppyDog.java:192)
	at org.dog.PuppyDog.getFamilyTree(PuppyDog.java:192)
	at org.dog.PuppyDog.getFamilyTree(PuppyDog.java:165)
	at org.dog.PuppyDog.getFamilyTree(PuppyDog.java:192)
	at org.dog.PuppyDog.getFamilyTree(PuppyDog.java:192)
	at org.dog.PuppyDog.getFamilyTree(PuppyDog.java:165)
	at org.dog.PuppyDog.getFamilyTree(PuppyDog.java:192)
	at org.dog.PuppyDog.getFamilyTree(PuppyDog.java:192)
	at org.dog.PuppyDog.getFamilyTree(PuppyDog.java:165)
	at org.dog.PuppyDog.getFamilyTree(PuppyDog.java:192)
	at org.dog.PuppyDog.getFamilyTree(PuppyDog.java:192)
	at org.dog.PuppyDog.getFamilyTree(PuppyDog.java:165)
	at org.dog.PuppyDog.getFamilyTree(PuppyDog.java:192)
	at org.dog.PuppyDog.getFamilyTree(PuppyDog.java:192)
	at org.dog.PuppyDog.getFamilyTree(PuppyDog.java:165)
	at org.dog.PuppyDog.getFamilyTree(PuppyDog.java:192)
	at org.dog.PuppyDog.getFamilyTree(PuppyDog.java:192)
	at org.dog.PuppyDog.getFamilyTree(PuppyDog.java:165)
	at org.dog.PuppyDog.getFamilyTree(PuppyDog.java:192)
	at org.dog.PuppyDog.getFamilyTree(PuppyDog.java:192)
	at org.dog.PuppyDog.getFamilyTree(PuppyDog.java:165)
	at org.dog.PuppyDog.getFamilyTree(PuppyDog.java:192)
	at org.dog.PuppyDog.getFamilyTree(PuppyDog.java:192)
	at org.dog.PuppyDog.getFamilyTree(PuppyDog.java:165)
	at org.dog.PuppyDog.getFamilyTree(PuppyDog.java:192)
	at org.dog.PuppyDog.getFamilyTree(PuppyDog.java:192)
	at org.dog.PuppyDog.getFamilyTree(PuppyDog.java:165)
	at org.dog.PuppyDog.getFamilyTree(PuppyDog.java:192)
	at org.dog.PuppyDog.getFamilyTree(PuppyDog.java:192)
	at org.dog.PuppyDog.getFamilyTree(PuppyDog.java:165)
	at org.dog.PuppyDog.getFamilyTree(PuppyDog.java:192)
	at org.dog.PuppyDog.getFamilyTree(PuppyDog.java:192)
	at org.dog.PuppyDog.getFamilyTree(PuppyDog.java:165)
	at org.dog.PuppyDog.getFamilyTree(PuppyDog.java:192)
	at org.dog.PuppyDog.getFamilyTree(PuppyDog.java:192)
	at org.dog.PuppyDog.getFamilyTree(PuppyDog.java:165)
	at org.dog.PuppyDog.getFamilyTree(PuppyDog.java:192)
	at org.dog.PuppyDog.getFamilyTree(PuppyDog.java:192)
	at org.dog.PuppyDog.getFamilyTree(PuppyDog.java:165)
	at org.dog.PuppyDog.getFamilyTree(PuppyDog.java:192)
	at org.dog.PuppyDog.getFamilyTree(PuppyDog.java:192)
	at org.dog.PuppyDog.getFamilyTree(PuppyDog.java:165)
	at org.dog.PuppyDog.getFamilyTree(PuppyDog.java:192)
	at org.dog.PuppyDog.getFamilyTree(PuppyDog.java:192)
	at org.dog.PuppyDog.getFamilyTree(PuppyDog.java:165)
	at org.dog.PuppyDog.getFamilyTree(PuppyDog.java:192)
	at org.dog.PuppyDog.getFamilyTree(PuppyDog.java:192)
	at org.dog.PuppyDog.getFamilyTree(PuppyDog.java:165)
	at org.dog.PuppyDog.getFamilyTree(PuppyDog.java:192)
	at org.dog.PuppyDog.getFamilyTree(PuppyDog.java:192)
	at org.dog.PuppyDog.getFamilyTree(PuppyDog.java:165)
	at org.dog.PuppyDog.getFamilyTree(PuppyDog.java:192)
	at org.dog.PuppyDog.getFamilyTree(PuppyDog.java:192)
	at org.dog.PuppyDog.getFamilyTree(PuppyDog.java:165)
	at org.dog.PuppyDog.getFamilyTree(PuppyDog.java:192)
	at org.dog.PuppyDog.getFamilyTree(PuppyDog.java:192)
	at org.dog.PuppyDog.getFamilyTree(PuppyDog.java:165)
	at org.dog.PuppyDog.getFamilyTree(PuppyDog.java:192)
	at org.dog.PuppyDog.getFamilyTree(PuppyDog.java:192)
	at org.dog.PuppyDog.getFamilyTree(PuppyDog.java:165)
	at org.dog.PuppyDog.getFamilyTree(PuppyDog.java:192)
	at org.dog.PuppyDog.getFamilyTree(PuppyDog.java:192)
	at org.dog.PuppyDog.getFamilyTree(PuppyDog.java:165)
	at org.dog.PuppyDog.getFamilyTree(PuppyDog.java:192)
	at org.dog.PuppyDog.getFamilyTree(PuppyDog.java:192)
	at org.dog.PuppyDog.getFamilyTree(PuppyDog.java:165)
	at org.dog.PuppyDog.getFamilyTree(PuppyDog.java:192)
	at org.dog.PuppyDog.getFamilyTree(PuppyDog.java:192)
	at org.dog.PuppyDog.getFamilyTree(PuppyDog.java:165)
	at org.dog.PuppyDog.getFamilyTree(PuppyDog.java:192)
	at org.dog.PuppyDog.getFamilyTree(PuppyDog.java:192)
	at org.dog.PuppyDog.getFamilyTree(PuppyDog.java:165)
	at org.dog.PuppyDog.getFamilyTree(PuppyDog.java:192)
	at org.dog.PuppyDog.getFamilyTree(PuppyDog.java:192)
	at org.dog.PuppyDog.getFamilyTree(PuppyDog.java:165)
	at org.dog.PuppyDog.getFamilyTree(PuppyDog.java:192)
	at org.dog.PuppyDog.getFamilyTree(PuppyDog.java:192)
	at org.dog.PuppyDog.getFamilyTree(PuppyDog.java:165)
	at org.dog.PuppyDog.getFamilyTree(PuppyDog.java:192)
	at org.dog.PuppyDog.getFamilyTree(PuppyDog.java:192)
	at org.dog.PuppyDog.getFamilyTree(PuppyDog.java:165)
	at org.dog.PuppyDog.getFamilyTree(PuppyDog.java:192)
	at org.dog.PuppyDog.getFamilyTree(PuppyDog.java:192)
	at org.dog.PuppyDog.getFamilyTree(PuppyDog.java:165)
	at org.dog.PuppyDog.getFamilyTree(PuppyDog.java:192)
	at org.dog.PuppyDog.getFamilyTree(PuppyDog.java:192)
	at org.dog.PuppyDog.getFamilyTree(PuppyDog.java:165)
	at org.dog.PuppyDog.getFamilyTree(PuppyDog.java:192)
	at org.dog.PuppyDog.getFamilyTree(PuppyDog.java:192)
	at org.dog.PuppyDog.getFamilyTree(PuppyDog.java:165)
	at org.dog.PuppyDog.getFamilyTree(PuppyDog.java:192)
	at org.dog.PuppyDog.getFamilyTree(PuppyDog.java:192)
	at org.dog.PuppyDog.getFamilyTree(PuppyDog.java:165)
	at org.dog.PuppyDog.getFamilyTree(PuppyDog.java:192)
	at org.dog.PuppyDog.getFamilyTree(PuppyDog.java:192)
	at org.dog.PuppyDog.getFamilyTree(PuppyDog.java:165)
	at org.dog.PuppyDog.getFamilyTree(PuppyDog.java:192)
	at org.dog.PuppyDog.getFamilyTree(PuppyDog.java:192)
	at org.dog.PuppyDog.getFamilyTree(PuppyDog.java:165)
	at org.dog.PuppyDog.getFamilyTree(PuppyDog.java:192)
	at org.dog.PuppyDog.getFamilyTree(PuppyDog.java:192)
	at org.dog.PuppyDog.getFamilyTree(PuppyDog.java:165)
	at org.dog.PuppyDog.getFamilyTree(PuppyDog.java:192)
	at org.dog.PuppyDog.getFamilyTree(PuppyDog.java:192)
	at org.dog.PuppyDog.getFamilyTree(PuppyDog.java:165)
	at org.dog.PuppyDog.getFamilyTree(PuppyDog.java:192)
	at org.dog.PuppyDog.getFamilyTree(PuppyDog.java:192)
	at org.dog.PuppyDog.getFamilyTree(PuppyDog.java:165)
	at org.dog.PuppyDog.getFamilyTree(PuppyDog.java:192)
	at org.dog.PuppyDog.getFamilyTree(PuppyDog.java:192)
	at org.dog.PuppyDog.getFamilyTree(PuppyDog.java:165)
	at org.dog.PuppyDog.getFamilyTree(PuppyDog.java:192)
	at org.dog.PuppyDog.getFamilyTree(PuppyDog.java:192)
	at org.dog.PuppyDog.getFamilyTree(PuppyDog.java:165)
	at org.dog.PuppyDog.getFamilyTree(PuppyDog.java:192)
	at org.dog.PuppyDog.getFamilyTree(PuppyDog.java:192)
	at org.dog.PuppyDog.getFamilyTree(PuppyDog.java:165)
	at org.dog.PuppyDog.getFamilyTree(PuppyDog.java:192)
	at org.dog.PuppyDog.getFamilyTree(PuppyDog.java:192)
	at org.dog.PuppyDog.getFamilyTree(PuppyDog.java:165)
	at org.dog.PuppyDog.getFamilyTree(PuppyDog.java:192)
	at org.dog.PuppyDog.getFamilyTree(PuppyDog.java:192)
	at org.dog.PuppyDog.getFamilyTree(PuppyDog.java:165)
	at org.dog.PuppyDog.getFamilyTree(PuppyDog.java:192)
	at org.dog.PuppyDog.getFamilyTree(PuppyDog.java:192)
	at org.dog.PuppyDog.getFamilyTree(PuppyDog.java:165)
	at org.dog.PuppyDog.getFamilyTree(PuppyDog.java:192)
	at org.dog.PuppyDog.getFamilyTree(PuppyDog.java:192)
	at org.dog.PuppyDog.getFamilyTree(PuppyDog.java:165)
	at org.dog.PuppyDog.getFamilyTree(PuppyDog.java:192)
	at org.dog.PuppyDog.getFamilyTree(PuppyDog.java:192)
	at org.dog.PuppyDog.getFamilyTree(PuppyDog.java:165)
	at org.dog.PuppyDog.getFamilyTree(PuppyDog.java:192)
	at org.dog.PuppyDog.getFamilyTree(PuppyDog.java:192)
	at org.dog.PuppyDog.getFamilyTree(PuppyDog.java:165)
	at org.dog.PuppyDog.getFamilyTree(PuppyDog.java:192)
	at org.dog.PuppyDog.getFamilyTree(PuppyDog.java:192)
	at org.dog.PuppyDog.getFamilyTree(PuppyDog.java:165)
	at org.dog.PuppyDog.getFamilyTree(PuppyDog.java:192)
	at org.dog.PuppyDog.getFamilyTree(PuppyDog.java:192)
	at org.dog.PuppyDog.getFamilyTree(PuppyDog.java:165)
	at org.dog.PuppyDog.getFamilyTree(PuppyDog.java:192)
	at org.dog.PuppyDog.getFamilyTree(PuppyDog.java:192)
	at org.dog.PuppyDog.getFamilyTree(PuppyDog.java:165)
	at org.dog.PuppyDog.getFamilyTree(PuppyDog.java:192)
	at org.dog.PuppyDog.getFamilyTree(PuppyDog.java:192)
	at org.dog.PuppyDog.getFamilyTree(PuppyDog.java:165)
	at org.dog.PuppyDog.getFamilyTree(PuppyDog.java:192)
	at org.dog.PuppyDog.getFamilyTree(PuppyDog.java:192)
	at org.dog.PuppyDog.getFamilyTree(PuppyDog.java:165)
	at org.dog.PuppyDog.getFamilyTree(PuppyDog.java:192)
	at org.dog.PuppyDog.getFamilyTree(PuppyDog.java:192)
	at org.dog.PuppyDog.getFamilyTree(PuppyDog.java:165)
	at org.dog.PuppyDog.getFamilyTree(PuppyDog.java:192)
	at org.dog.PuppyDog.getFamilyTree(PuppyDog.java:192)
	at org.dog.PuppyDog.getFamilyTree(PuppyDog.java:165)
	at org.dog.PuppyDog.getFamilyTree(PuppyDog.java:192)
	at org.dog.PuppyDog.getFamilyTree(PuppyDog.java:192)
	at org.dog.PuppyDog.getFamilyTree(PuppyDog.java:165)
	at org.dog.PuppyDog.getFamilyTree(PuppyDog.java:192)
	at org.dog.PuppyDog.getFamilyTree(PuppyDog.java:192)
	at org.dog.PuppyDog.getFamilyTree(PuppyDog.java:165)
	at org.dog.PuppyDog.getFamilyTree(PuppyDog.java:192)
	at org.dog.PuppyDog.getFamilyTree(PuppyDog.java:192)
	at org.dog.PuppyDog.getFamilyTree(PuppyDog.java:165)
	at org.dog.PuppyDog.getFamilyTree(PuppyDog.java:192)
	at org.dog.PuppyDog.getFamilyTree(PuppyDog.java:192)
	at org.dog.PuppyDog.getFamilyTree(PuppyDog.java:165)
	at org.dog.PuppyDog.getFamilyTree(PuppyDog.java:192)
	at org.dog.PuppyDog.getFamilyTree(PuppyDog.java:192)
	at org.dog.PuppyDog.getFamilyTree(PuppyDog.java:165)
	at org.dog.PuppyDog.getFamilyTree(PuppyDog.java:192)
	at org.dog.PuppyDog.getFamilyTree(PuppyDog.java:192)
	at org.dog.PuppyDog.getFamilyTree(PuppyDog.java:165)
	at org.dog.PuppyDog.getFamilyTree(PuppyDog.java:192)
	at org.dog.PuppyDog.getFamilyTree(PuppyDog.java:192)
	at org.dog.PuppyDog.getFamilyTree(PuppyDog.java:165)
	at org.dog.PuppyDog.getFamilyTree(PuppyDog.java:192)
	at org.dog.PuppyDog.getFamilyTree(PuppyDog.java:192)
	at org.dog.PuppyDog.getFamilyTree(PuppyDog.java:165)
	at org.dog.PuppyDog.getFamilyTree(PuppyDog.java:192)
	at org.dog.PuppyDog.getFamilyTree(PuppyDog.java:192)
	at org.dog.PuppyDog.getFamilyTree(PuppyDog.java:165)
	at org.dog.PuppyDog.getFamilyTree(PuppyDog.java:192)
	at org.dog.PuppyDog.getFamilyTree(PuppyDog.java:192)
	at org.dog.PuppyDog.getFamilyTree(PuppyDog.java:165)
	at org.dog.PuppyDog.getFamilyTree(PuppyDog.java:192)
	at org.dog.PuppyDog.getFamilyTree(PuppyDog.java:192)
	at org.dog.PuppyDog.getFamilyTree(PuppyDog.java:165)
	at org.dog.PuppyDog.getFamilyTree(PuppyDog.java:192)
	at org.dog.PuppyDog.getFamilyTree(PuppyDog.java:192)
	at org.dog.PuppyDog.getFamilyTree(PuppyDog.java:165)
	at org.dog.PuppyDog.getFamilyTree(PuppyDog.java:192)
	at org.dog.PuppyDog.getFamilyTree(PuppyDog.java:192)
	at org.dog.PuppyDog.getFamilyTree(PuppyDog.java:165)
	at org.dog.PuppyDog.getFamilyTree(PuppyDog.java:192)
	at org.dog.PuppyDog.getFamilyTree(PuppyDog.java:192)
	at org.dog.PuppyDog.getFamilyTree(PuppyDog.java:165)
	at org.dog.PuppyDog.getFamilyTree(PuppyDog.java:192)
	at org.dog.PuppyDog.getFamilyTree(PuppyDog.java:192)
	at org.dog.PuppyDog.getFamilyTree(PuppyDog.java:165)
	at org.dog.PuppyDog.getFamilyTree(PuppyDog.java:192)
	at org.dog.PuppyDog.getFamilyTree(PuppyDog.java:192)
	at org.dog.PuppyDog.getFamilyTree(PuppyDog.java:165)
	at org.dog.PuppyDog.getFamilyTree(PuppyDog.java:192)
	at org.dog.PuppyDog.getFamilyTree(PuppyDog.java:192)
	at org.dog.PuppyDog.getFamilyTree(PuppyDog.java:165)
	at org.dog.PuppyDog.getFamilyTree(PuppyDog.java:192)
	at org.dog.PuppyDog.getFamilyTree(PuppyDog.java:192)
	at org.dog.PuppyDog.getFamilyTree(PuppyDog.java:165)
	at org.dog.PuppyDog.getFamilyTree(PuppyDog.java:192)
	at org.dog.PuppyDog.getFamilyTree(PuppyDog.java:192)
	at org.dog.PuppyDog.getFamilyTree(PuppyDog.java:165)
	at org.dog.PuppyDog.getFamilyTree(PuppyDog.java:192)
	at org.dog.PuppyDog.getFamilyTree(PuppyDog.java:192)
	at org.dog.PuppyDog.getFamilyTree(PuppyDog.java:165)
	at org.dog.PuppyDog.getFamilyTree(PuppyDog.java:192)
	at org.dog.PuppyDog.getFamilyTree(PuppyDog.java:192)
	at org.dog.PuppyDog.getFamilyTree(PuppyDog.java:165)
	at org.dog.PuppyDog.getFamilyTree(PuppyDog.java:192)
	at org.dog.PuppyDog.getFamilyTree(PuppyDog.java:192)
	at org.dog.PuppyDog.getFamilyTree(PuppyDog.java:165)
	at org.dog.PuppyDog.getFamilyTree(PuppyDog.java:192)
	at org.dog.PuppyDog.getFamilyTree(PuppyDog.java:192)
	at org.dog.PuppyDog.getFamilyTree(PuppyDog.java:165)
	at org.dog.PuppyDog.getFamilyTree(PuppyDog.java:192)
	at org.dog.PuppyDog.getFamilyTree(PuppyDog.java:192)
	at org.dog.PuppyDog.getFamilyTree(PuppyDog.java:165)
	at org.dog.PuppyDog.getFamilyTree(PuppyDog.java:192)
	at org.dog.PuppyDog.getFamilyTree(PuppyDog.java:192)
	at org.dog.PuppyDog.getFamilyTree(PuppyDog.java:165)
	at org.dog.PuppyDog.getFamilyTree(PuppyDog.java:192)
	at org.dog.PuppyDog.getFamilyTree(PuppyDog.java:192)
	at org.dog.PuppyDog.getFamilyTree(PuppyDog.java:165)
	at org.dog.PuppyDog.getFamilyTree(PuppyDog.java:192)
	at org.dog.PuppyDog.getFamilyTree(PuppyDog.java:192)
	at org.dog.PuppyDog.getFamilyTree(PuppyDog.java:165)
	at org.dog.PuppyDog.getFamilyTree(PuppyDog.java:192)
	at org.dog.PuppyDog.getFamilyTree(PuppyDog.java:192)
	at org.dog.PuppyDog.getFamilyTree(PuppyDog.java:165)
	at org.dog.PuppyDog.getFamilyTree(PuppyDog.java:192)
	at org.dog.PuppyDog.getFamilyTree(PuppyDog.java:192)
	at org.dog.PuppyDog.getFamilyTree(PuppyDog.java:165)
	at org.dog.PuppyDog.getFamilyTree(PuppyDog.java:192)
	at org.dog.PuppyDog.getFamilyTree(PuppyDog.java:192)
	at org.dog.PuppyDog.getFamilyTree(PuppyDog.java:165)
	at org.dog.PuppyDog.getFamilyTree(PuppyDog.java:192)
	at org.dog.PuppyDog.getFamilyTree(PuppyDog.java:192)
	at org.dog.PuppyDog.getFamilyTree(PuppyDog.java:165)
	at org.dog.PuppyDog.getFamilyTree(PuppyDog.java:192)
	at org.dog.PuppyDog.getFamilyTree(PuppyDog.java:192)
	at org.dog.PuppyDog.getFamilyTree(PuppyDog.java:165)
	at org.dog.PuppyDog.getFamilyTree(PuppyDog.java:192)
	at org.dog.PuppyDog.getFamilyTree(PuppyDog.java:192)
	at org.dog.PuppyDog.getFamilyTree(PuppyDog.java:165)
	at org.dog.PuppyDog.getFamilyTree(PuppyDog.java:192)
	at org.dog.PuppyDog.getFamilyTree(PuppyDog.java:192)
	at org.dog.PuppyDog.getFamilyTree(PuppyDog.java:165)
	at org.dog.PuppyDog.getFamilyTree(PuppyDog.java:192)
	at org.dog.PuppyDog.getFamilyTree(PuppyDog.java:192)
	at org.dog.PuppyDog.getFamilyTree(PuppyDog.java:165)
	at org.dog.PuppyDog.getFamilyTree(PuppyDog.java:192)
	at org.dog.PuppyDog.getFamilyTree(PuppyDog.java:192)
	at org.dog.PuppyDog.getFamilyTree(PuppyDog.java:165)
	at org.dog.PuppyDog.getFamilyTree(PuppyDog.java:192)
	at org.dog.PuppyDog.getFamilyTree(PuppyDog.java:192)
	at org.dog.PuppyDog.getFamilyTree(PuppyDog.java:165)
	at org.dog.PuppyDog.getFamilyTree(PuppyDog.java:192)
	at org.dog.PuppyDog.getFamilyTree(PuppyDog.java:192)
	at org.dog.PuppyDog.getFamilyTree(PuppyDog.java:165)
	at org.dog.PuppyDog.getFamilyTree(PuppyDog.java:192)
	at org.dog.PuppyDog.getFamilyTree(PuppyDog.java:192)
	at org.dog.PuppyDog.getFamilyTree(PuppyDog.java:165)
	at org.dog.PuppyDog.getFamilyTree(PuppyDog.java:192)
	at org.dog.PuppyDog.getFamilyTree(PuppyDog.java:192)
	at org.dog.PuppyDog.getFamilyTree(PuppyDog.java:165)
	at org.dog.PuppyDog.getFamilyTree(PuppyDog.java:192)
	at org.dog.PuppyDog.getFamilyTree(PuppyDog.java:192)
	at org.dog.PuppyDog.getFamilyTree(PuppyDog.java:165)
	at org.dog.PuppyDog.getFamilyTree(PuppyDog.java:192)
	at org.dog.PuppyDog.getFamilyTree(PuppyDog.java:192)
	at org.dog.PuppyDog.getFamilyTree(PuppyDog.java:165)
	at org.dog.PuppyDog.getFamilyTree(PuppyDog.java:192)
	at org.dog.PuppyDog.getFamilyTree(PuppyDog.java:192)
	at org.dog.PuppyDog.getFamilyTree(PuppyDog.java:165)
	at org.dog.PuppyDog.getFamilyTree(PuppyDog.java:192)
	at org.dog.PuppyDog.getFamilyTree(PuppyDog.java:192)
	at org.dog.PuppyDog.getFamilyTree(PuppyDog.java:165)
	at org.dog.PuppyDog.getFamilyTree(PuppyDog.java:192)
	at org.dog.PuppyDog.getFamilyTree(PuppyDog.java:192)
	at org.dog.PuppyDog.getFamilyTree(PuppyDog.java:165)
	at org.dog.PuppyDog.getFamilyTree(PuppyDog.java:192)
	at org.dog.PuppyDog.getFamilyTree(PuppyDog.java:192)
	at org.dog.PuppyDog.getFamilyTree(PuppyDog.java:165)
	at org.dog.PuppyDog.getFamilyTree(PuppyDog.java:192)
	at org.dog.PuppyDog.getFamilyTree(PuppyDog.java:192)
	at org.dog.PuppyDog.getFamilyTree(PuppyDog.java:165)
	at org.dog.PuppyDog.getFamilyTree(PuppyDog.java:192)
	at org.dog.PuppyDog.getFamilyTree(PuppyDog.java:192)
	at org.dog.PuppyDog.getFamilyTree(PuppyDog.java:165)
	at org.dog.PuppyDog.getFamilyTree(PuppyDog.java:192)
	at org.dog.PuppyDog.getFamilyTree(PuppyDog.java:192)
	at org.dog.PuppyDog.getFamilyTree(PuppyDog.java:165)
	at org.dog.PuppyDog.getFamilyTree(PuppyDog.java:192)
	at org.dog.PuppyDog.getFamilyTree(PuppyDog.java:192)
	at org.dog.PuppyDog.getFamilyTree(PuppyDog.java:165)
	at org.dog.PuppyDog.getFamilyTree(PuppyDog.java:192)
	at org.dog.PuppyDog.getFamilyTree(PuppyDog.java:192)
	at org.dog.PuppyDog.getFamilyTree(PuppyDog.java:165)
	at org.dog.PuppyDog.getFamilyTree(PuppyDog.java:192)
	at org.dog.PuppyDog.getFamilyTree(PuppyDog.java:192)
	at org.dog.PuppyDog.getFamilyTree(PuppyDog.java:165)
	at org.dog.PuppyDog.getFamilyTree(PuppyDog.java:192)
	at org.dog.PuppyDog.getFamilyTree(PuppyDog.java:192)
	at org.dog.PuppyDog.getFamilyTree(PuppyDog.java:165)
	at org.dog.PuppyDog.getFamilyTree(PuppyDog.java:192)
	at org.dog.PuppyDog.getFamilyTree(PuppyDog.java:192)
	at org.dog.PuppyDog.getFamilyTree(PuppyDog.java:165)
	at org.dog.PuppyDog.getFamilyTree(PuppyDog.java:192)
	at org.dog.PuppyDog.getFamilyTree(PuppyDog.java:192)
	at org.dog.PuppyDog.getFamilyTree(PuppyDog.java:165)
	at org.dog.PuppyDog.getFamilyTree(PuppyDog.java:192)
	at org.dog.PuppyDog.getFamilyTree(PuppyDog.java:192)
	at org.dog.PuppyDog.getFamilyTree(PuppyDog.java:165)
	at org.dog.PuppyDog.getFamilyTree(PuppyDog.java:192)
	at org.dog.PuppyDog.getFamilyTree(PuppyDog.java:192)
	at org.dog.PuppyDog.getFamilyTree(PuppyDog.java:165)
	at org.dog.PuppyDog.getFamilyTree(PuppyDog.java:192)
	at org.dog.PuppyDog.getFamilyTree(PuppyDog.java:192)
	at org.dog.PuppyDog.getFamilyTree(PuppyDog.java:165)
	at org.dog.PuppyDog.getFamilyTree(PuppyDog.java:192)
	at org.dog.PuppyDog.getFamilyTree(PuppyDog.java:192)
	at org.dog.PuppyDog.getFamilyTree(PuppyDog.java:165)
	at org.dog.PuppyDog.getFamilyTree(PuppyDog.java:192)
	at org.dog.PuppyDog.getFamilyTree(PuppyDog.java:192)
	at org.dog.PuppyDog.getFamilyTree(PuppyDog.java:165)
	at org.dog.PuppyDog.getFamilyTree(PuppyDog.java:192)
	at org.dog.PuppyDog.getFamilyTree(PuppyDog.java:192)
	at org.dog.PuppyDog.getFamilyTree(PuppyDog.java:165)
	at org.dog.PuppyDog.getFamilyTree(PuppyDog.java:192)
	at org.dog.PuppyDog.getFamilyTree(PuppyDog.java:192)
	at org.dog.PuppyDog.getFamilyTree(PuppyDog.java:165)
	at org.dog.PuppyDog.getFamilyTree(PuppyDog.java:192)
	at org.dog.PuppyDog.getFamilyTree(PuppyDog.java:192)
	at org.dog.PuppyDog.getFamilyTree(PuppyDog.java:165)
	at org.dog.PuppyDog.getFamilyTree(PuppyDog.java:192)
	at org.dog.PuppyDog.getFamilyTree(PuppyDog.java:192)
	at org.dog.PuppyDog.getFamilyTree(PuppyDog.java:165)
	at org.dog.PuppyDog.getFamilyTree(PuppyDog.java:192)
	at org.dog.PuppyDog.getFamilyTree(PuppyDog.java:192)
	at org.dog.PuppyDog.getFamilyTree(PuppyDog.java:165)
	at org.dog.PuppyDog.getFamilyTree(PuppyDog.java:192)
	at org.dog.PuppyDog.getFamilyTree(PuppyDog.java:192)
	at org.dog.PuppyDog.getFamilyTree(PuppyDog.java:165)
	at org.dog.PuppyDog.getFamilyTree(PuppyDog.java:192)
	at org.dog.PuppyDog.getFamilyTree(PuppyDog.java:192)
	at org.dog.PuppyDog.getFamilyTree(PuppyDog.java:165)
	at org.dog.PuppyDog.getFamilyTree(PuppyDog.java:192)
	at org.dog.PuppyDog.getFamilyTree(PuppyDog.java:192)
	at org.dog.PuppyDog.getFamilyTree(PuppyDog.java:165)
	at org.dog.PuppyDog.getFamilyTree(PuppyDog.java:192)
	at org.dog.PuppyDog.getFamilyTree(PuppyDog.java:192)
	at org.dog.PuppyDog.getFamilyTree(PuppyDog.java:165)
	at org.dog.PuppyDog.getFamilyTree(PuppyDog.java:192)
	at org.dog.PuppyDog.getFamilyTree(PuppyDog.java:192)
	at org.dog.PuppyDog.getFamilyTree(PuppyDog.java:165)
	at org.dog.PuppyDog.getFamilyTree(PuppyDog.java:192)
	at org.dog.PuppyDog.getFamilyTree(PuppyDog.java:192)
	at org.dog.PuppyDog.getFamilyTree(PuppyDog.java:165)
	at org.dog.PuppyDog.getFamilyTree(PuppyDog.java:192)
	at org.dog.PuppyDog.getFamilyTree(PuppyDog.java:192)
	at org.dog.PuppyDog.getFamilyTree(PuppyDog.java:165)
	at org.dog.PuppyDog.getFamilyTree(PuppyDog.java:192)
	at org.dog.PuppyDog.getFamilyTree(PuppyDog.java:192)
	at org.dog.PuppyDog.getFamilyTree(PuppyDog.java:165)
	at org.dog.PuppyDog.getFamilyTree(PuppyDog.java:192)
	at org.dog.PuppyDog.getFamilyTree(PuppyDog.java:192)
	at org.dog.PuppyDog.getFamilyTree(PuppyDog.java:165)
	at org.dog.PuppyDog.getFamilyTree(PuppyDog.java:192)
	at org.dog.PuppyDog.getFamilyTree(PuppyDog.java:192)
	at org.dog.PuppyDog.getFamilyTree(PuppyDog.java:165)
	at org.dog.PuppyDog.getFamilyTree(PuppyDog.java:192)
	at org.dog.PuppyDog.getFamilyTree(PuppyDog.java:192)
	at org.dog.PuppyDog.getFamilyTree(PuppyDog.java:165)
	at org.dog.PuppyDog.getFamilyTree(PuppyDog.java:192)
	at org.dog.PuppyDog.getFamilyTree(PuppyDog.java:192)
	at org.dog.PuppyDog.getFamilyTree(PuppyDog.java:165)
	at org.dog.PuppyDog.getFamilyTree(PuppyDog.java:192)
	at org.dog.PuppyDog.getFamilyTree(PuppyDog.java:192)
	at org.dog.PuppyDog.getFamilyTree(PuppyDog.java:165)
	at org.dog.PuppyDog.getFamilyTree(PuppyDog.java:192)
	at org.dog.PuppyDog.getFamilyTree(PuppyDog.java:192)
	at org.dog.PuppyDog.getFamilyTree(PuppyDog.java:165)
	at org.dog.PuppyDog.getFamilyTree(PuppyDog.java:192)
	at org.dog.PuppyDog.getFamilyTree(PuppyDog.java:192)
	at org.dog.PuppyDog.getFamilyTree(PuppyDog.java:165)
	at org.dog.PuppyDog.getFamilyTree(PuppyDog.java:192)
	at org.dog.PuppyDog.getFamilyTree(PuppyDog.java:192)
	at org.dog.PuppyDog.getFamilyTree(PuppyDog.java:165)
	at org.dog.PuppyDog.getFamilyTree(PuppyDog.java:192)
	at org.dog.PuppyDog.getFamilyTree(PuppyDog.java:192)
	at org.dog.PuppyDog.getFamilyTree(PuppyDog.java:165)
	at org.dog.PuppyDog.getFamilyTree(PuppyDog.java:192)
	at org.dog.PuppyDog.getFamilyTree(PuppyDog.java:192)
	at org.dog.PuppyDog.getFamilyTree(PuppyDog.java:165)
	at org.dog.PuppyDog.getFamilyTree(PuppyDog.java:192)
	at org.dog.PuppyDog.getFamilyTree(PuppyDog.java:192)
	at org.dog.PuppyDog.getFamilyTree(PuppyDog.java:165)
	at org.dog.PuppyDog.getFamilyTree(PuppyDog.java:192)
	at org.dog.PuppyDog.getFamilyTree(PuppyDog.java:192)
	at org.dog.PuppyDog.getFamilyTree(PuppyDog.java:165)
	at org.dog.PuppyDog.getFamilyTree(PuppyDog.java:192)
	at org.dog.PuppyDog.getFamilyTree(PuppyDog.java:192)
	at org.dog.PuppyDog.getFamilyTree(PuppyDog.java:165)
	at org.dog.PuppyDog.getFamilyTree(PuppyDog.java:192)
	at org.dog.PuppyDog.getFamilyTree(PuppyDog.java:192)
	at org.dog.PuppyDog.getFamilyTree(PuppyDog.java:165)
	at org.dog.PuppyDog.getFamilyTree(PuppyDog.java:192)
	at org.dog.PuppyDog.getFamilyTree(PuppyDog.java:192)
	at org.dog.PuppyDog.getFamilyTree(PuppyDog.java:165)
	at org.dog.PuppyDog.getFamilyTree(PuppyDog.java:192)
	at org.dog.PuppyDog.getFamilyTree(PuppyDog.java:192)
	at org.dog.PuppyDog.getFamilyTree(PuppyDog.java:165)
]]>
            </full-stacktrace>
          </exception> <!-- java.lang.StackOverflowError -->
          <reporter-output>
          </reporter-output>
        </test-method> <!-- test -->
      </class> <!-- org.dog.TestMain -->
    </test> <!-- Default test -->
  </suite> <!-- Default suite -->
</testng-results>
